Logging started @ 2013-07-03 09:39
DLL Compiled: Jun  8 2013 03:01:39

Firmware: J-Link Lite-FSL V1 compiled Jun 25 2012 16:40:07
Hardware: V1.00
S/N: 361000408  returns O.K. (0036ms, 0036ms total)
T1A10 000:038 JLINK_ExecCommand("ProjectFile = D:\kexx_drv_lib_CMSIS\kexx-drv-lib-svn\build\iar\ke02\CRC_demo\settings\CRC_demo_frdm_FLASH_32KB_PFLASH.jlink", ...)  returns 0x00 (0001ms, 0037ms total)
T1A10 000:039 JLINK_ExecCommand("device = ", ...)
                JLINK_AddMirrorAreaEx(Addr = 0x00000000, Size = 0x00000000) (0000ms, 0000ms total)
              Device "UNSPECIFIED" selected (0 KB flash, 0 KB RAM).  returns 0x00 (0000ms, 0037ms total)
T1A10 000:039 JLINK_GetDLLVersion()  returns 47103 (0000ms, 0037ms total)
T1A10 000:039 JLINK_GetCompileDateTime() (0000ms, 0037ms total)
T1A10 000:039 JLINK_GetFirmwareString(...) (0000ms, 0037ms total)
T1A10 000:039 JLINK_TIF_Select(JLINKARM_TIF_SWD)  returns 0x00 (0009ms, 0046ms total)
T1A10 000:048 JLINK_SelectDeviceFamily(1) (0000ms, 0046ms total)
T1A10 000:048 JLINK_SelectDeviceFamily(6) (0000ms, 0046ms total)
T1A10 000:048 JLINK_SetSpeed(32) (0002ms, 0048ms total)
T1A10 000:050 JLINK_ExecCommand("SetResetType = 0", ...)  returns 0x00 (0000ms, 0048ms total)
T1A10 000:050 JLINK_ExecCommand("SetResetPulseLen = 200", ...)  returns 0x14 (0000ms, 0048ms total)
T1A10 000:050 JLINK_SetResetDelay(0) (0000ms, 0048ms total)
T1A10 000:050 JLINK_ResetPullsRESET(ON) (0000ms, 0048ms total)
T1A10 000:050 JLINK_Reset() >0x108 TIF>Found SWD-DP with ID 0x0BC11477 >0x0D TIF> >0x21 TIF> >0x0D TIF> >0x28 TIF> >0x0D TIF> >0x28 TIF> >0x0D TIF> >0x21 TIF> >0x0D TIF> >0x21 TIF> >0x0D TIF> >0x28 TIF> >0x0D TIF> >0x21 TIF> >0x0D TIF> >0x21 TIF> >0x0D TIF> >0x21 TIF> >0x0D TIF> >0x21 TIF> >0x0D TIF> >0x21 TIF> >0x0D TIF> >0x28 TIF> >0x0D TIF> >0x28 TIF> >0x0D TIF> >0x21 TIF> >0x0D TIF> >0x21 TIF> >0x0D TIF> >0x28 TIF> >0x0D TIF> >0x21 TIF> >0x0D TIF> >0x21 TIF> >0x0D TIF> >0x28 TIF> >0x0D TIF>
 >0x28 TIF> >0x0D TIF> >0x28 TIF> >0x0D TIF> >0x21 TIF> >0x0D TIF> >0x21 TIF> >0x0D TIF> >0x28 TIF> >0x0D TIF> >0x28 TIF> >0x0D TIF> >0x28 TIF> >0x0D TIF> >0x21 TIF> >0x0D TIF> >0x21 TIF> >0x0D TIF> >0x21 TIF> >0x0D TIF> >0x28 TIF> >0x0D TIF> >0x21 TIF> >0x0D TIF> >0x21 TIF> >0x0D TIF> >0x28 TIF> >0x0D TIF> >0x21 TIF> >0x0D TIF> >0x21 TIF>FPUnit: 2 code (BP) slots and 0 literal slots >0x0D TIF> >0x28 TIF> >0x0D TIF> >0x21 TIF> >0x0D TIF> >0x21 TIF> >0x0D TIF> >0x28 TIF> >0x0D TIF> >0x21 TIF> >0x0D TIF>
 >0x21 TIF> >0x0D TIF> >0x28 TIF> >0x0D TIF> >0x21 TIF> >0x0D TIF> >0x21 TIF> >0x0D TIF> >0x28 TIF> >0x0D TIF> >0x21 TIF> >0x0D TIF> >0x21 TIF>Found Cortex-M0 r0p0, Little endian. -- CPU is running -- CPU_WriteMem(4 bytes @ 0xE000EDF0) -- CPU is running -- CPU_WriteMem(4 bytes @ 0xE000EDFC) >0x35 TIF> -- CPU is running -- CPU_WriteMem(4 bytes @ 0xE000ED0C) -- CPU is running -- CPU_ReadMem(4 bytes @ 0xE000EDF0) -- CPU is running -- CPU_ReadMem(4 bytes @ 0xE000EDF0) -- CPU is running
 -- CPU_WriteMem(4 bytes @ 0xE000EDF0) -- CPU is running -- CPU_WriteMem(4 bytes @ 0xE000EDFC) -- CPU is running -- CPU_ReadMem(4 bytes @ 0xE000EDF0) -- CPU_WriteMem(4 bytes @ 0xE0002000) (0214ms, 0262ms total)
T1A10 000:264 JLINK_Halt()  returns 0x00 (0000ms, 0262ms total)
T1A10 000:264 JLINK_GetEmuCaps()  returns 0xB8EA7A3B (0000ms, 0262ms total)
T1A10 000:264 JLINK_GetEmuCaps()  returns 0xB8EA7A3B (0000ms, 0262ms total)
T1A10 000:267 JLINK_SWO_Control(JLINKARM_SWO_CMD_GET_SPEED_INFO, ...)  returns 0x00 (0005ms, 0267ms total)
T1A10 000:272 JLINK_IsHalted()  returns TRUE (0000ms, 0267ms total)
T1A10 000:272 JLINK_ReadMemU32(0xE0001004, 0x0001 Items, ...) -- CPU_ReadMem(4 bytes @ 0xE0001004) -- Data:  00 00 00 00  returns 0x01 (0002ms, 0269ms total)
T1A10 000:275 JLINK_EMU_HasCapEx(0x00000025)  returns 0x00 (0000ms, 0269ms total)
T1A10 000:275 JLINK_EMU_COM_Read(Channel = 0x10001, NumBytes = 0x0C) -- EMUCOM is not supported by connected emulator  returns 0xFFFFFFFF (0000ms, 0269ms total)
T1A10 000:335 JLINK_BeginDownload(Flags = 0x01) (0000ms, 0269ms total)
T1A10 000:335 JLINK_WriteMem(0x40020000, 0x0004 Bytes, ...) -- Data:  13 00 00 00 -- CPU_WriteMem(4 bytes @ 0x40020000)  returns 0x04 (0003ms, 0272ms total)
T1A10 000:338 JLINK_EndDownload()  returns 0x00 (0000ms, 0272ms total)
T1A10 000:338 JLINK_BeginDownload(Flags = 0x01) (0000ms, 0272ms total)
T1A10 000:338 JLINK_WriteMem(0xF000300C, 0x0004 Bytes, ...) -- Data:  00 BC 01 00 -- CPU_WriteMem(4 bytes @ 0xF000300C)  returns 0x04 (0003ms, 0275ms total)
T1A10 000:341 JLINK_EndDownload()  returns 0x00 (0000ms, 0275ms total)
T1A10 000:341 JLINK_BeginDownload(Flags = 0x01) (0000ms, 0275ms total)
T1A10 000:341 JLINK_WriteMem(0xE000ED08, 0x0004 Bytes, ...) -- Data:  00 FC FF 1F -- CPU_WriteMem(4 bytes @ 0xE000ED08)  returns 0x04 (0002ms, 0277ms total)
T1A10 000:344 JLINK_EndDownload()  returns 0x00 (0000ms, 0278ms total)
T1A10 000:344 JLINK_GetSpeed()  returns 0x20 (0000ms, 0278ms total)
T1A10 000:344 JLINK_SetMaxSpeed() (0001ms, 0279ms total)
T1A10 000:558 JLINK_BeginDownload(Flags = 0x03) (0000ms, 0279ms total)
T1A10 000:583 JLINK_WriteMem(0x1FFFFC00, 0x0400 Bytes, ...) -- Data:  00 0C 00 20 3D 02 00 20 00 00 00 00 00 00 00 00 ... -- CPU_WriteMem(1024 bytes @ 0x1FFFFC00)  returns 0x400 (0026ms, 0305ms total)
T1A10 000:609 JLINK_WriteMem(0x20000000, 0x0300 Bytes, ...) -- Data:  2D 28 01 D0 2B 28 03 D1 69 46 08 70 64 1C 02 E0 ... -- CPU_WriteMem(768 bytes @ 0x20000000)  returns 0x300 (0022ms, 0327ms total)
T1A10 000:639 JLINK_EndDownload()  returns 0x00 (0000ms, 0327ms total)
T1A10 000:640 JLINK_ReadMemU32(0x1FFFFC00, 0x0100 Items, ...) -- CPU_ReadMem(1024 bytes @ 0x1FFFFC00) -- Data:  00 0C 00 20 3D 02 00 20 00 00 00 00 00 00 00 00 ...  returns 0x100 (0023ms, 0350ms total)
T1A10 000:663 JLINK_ReadMemU32(0x20000000, 0x00C0 Items, ...) -- CPU_ReadMem(768 bytes @ 0x20000000) -- Data:  2D 28 01 D0 2B 28 03 D1 69 46 08 70 64 1C 02 E0 ...  returns 0xC0 (0019ms, 0369ms total)
T1A10 000:709 JLINK_ReadMemU32(0x1FFFFC00, 0x0001 Items, ...) -- CPU_ReadMem(4 bytes @ 0x1FFFFC00) -- Data:  00 0C 00 20  returns 0x01 (0002ms, 0371ms total)
T1A10 000:711 JLINK_ReadMemU32(0x1FFFFC04, 0x0001 Items, ...) -- CPU_ReadMem(4 bytes @ 0x1FFFFC04) -- Data:  3D 02 00 20  returns 0x01 (0003ms, 0374ms total)
T1A10 000:714 JLINK_ReadRegs(NumRegs = 1, Indexes: 15) -- R15=0x410  returns 0x00 (0000ms, 0374ms total)
T1A10 000:714 JLINK_WriteReg(R15, 0x2000023C)  returns 0x00 (0000ms, 0374ms total)
T1A10 000:714 JLINK_ReadRegs(NumRegs = 1, Indexes: 17) -- MSP=0x20000BF8  returns 0x00 (0000ms, 0374ms total)
T1A10 000:714 JLINK_ReadRegs(NumRegs = 1, Indexes: 18) -- PSP=0x11160018  returns 0x00 (0000ms, 0374ms total)
T1A10 000:714 JLINK_ReadRegs(NumRegs = 1, Indexes: 20) -- CFBP=0x00  returns 0x00 (0000ms, 0374ms total)
T1A10 000:714 JLINK_WriteReg(MSP, 0x20000C00)  returns 0x00 (0000ms, 0374ms total)
T1A10 000:714 JLINK_ReadMemU32(0xE000EDFC, 0x0001 Items, ...) -- CPU_ReadMem(4 bytes @ 0xE000EDFC) -- Data:  00 00 00 01  returns 0x01 (0003ms, 0377ms total)
T1A10 000:717 JLINK_WriteMem(0xE000EDFC, 0x0004 Bytes, ...) -- Data:  00 00 00 01 -- CPU_WriteMem(4 bytes @ 0xE000EDFC)  returns 0x04 (0003ms, 0380ms total)
T1A10 000:720 JLINK_ReadMemU32(0xE0001004, 0x0001 Items, ...) -- CPU_ReadMem(4 bytes @ 0xE0001004) -- Data:  00 00 00 00  returns 0x01 (0002ms, 0382ms total)
T1A10 000:722 JLINK_ReadMemU32(0xE0001004, 0x0001 Items, ...) -- CPU_ReadMem(4 bytes @ 0xE0001004) -- Data:  00 00 00 00  returns 0x01 (0003ms, 0385ms total)
T1A10 000:727 JLINK_ReadRegs(NumRegs = 1, Indexes: 15) -- R15=0x2000023C  returns 0x00 (0000ms, 0385ms total)
T1A10 000:728 JLINK_ReadMemU32(0x20000994, 0x0005 Items, ...) -- CPU_ReadMem(20 bytes @ 0x20000994) -- Data:  00 16 00 00 00 00 00 00 00 00 00 00 00 03 00 20 ...  returns 0x05 (0003ms, 0388ms total)
T1A10 000:732 JLINK_ReadMemU16(0x20000238, 0x0001 Items, ...) -- CPU_ReadMem(2 bytes @ 0x20000238) -- Data:  FE E7  returns 0x01 (0002ms, 0390ms total)
T1A10 000:734 JLINK_SetBPEx(Addr = 0x20000238, Type = 0xFFFFFFF2) -- CPU_ReadMem(4 bytes @ 0x20000238) -- CPU_WriteMem(4 bytes @ 0x20000238) -- CPU_ReadMem(4 bytes @ 0x20000238) -- CPU_WriteMem(4 bytes @ 0x20000238) -- CPU_ReadMem(2 bytes @ 0x20000238)  returns 0x00000001 (0012ms, 0402ms total)
T1A10 000:746 JLINK_WriteVectorCatch(0x00000000) -- CPU_WriteMem(4 bytes @ 0xE000EDFC)  returns 0x00 (0003ms, 0405ms total)
T1A10 000:749 JLINK_BeginDownload(Flags = 0x01) (0000ms, 0405ms total)
T1A10 000:749 JLINK_WriteMem(0x200009A8, 0x0004 Bytes, ...) -- Data:  00 00 00 00 -- CPU_WriteMem(2 bytes @ 0x20000238) -- CPU_WriteMem(4 bytes @ 0x200009A8)  returns 0x04 (0006ms, 0411ms total)
T1A10 000:755 JLINK_EndDownload()  returns 0x00 (0000ms, 0411ms total)
T1A10 000:756 JLINK_BeginDownload(Flags = 0x01) (0000ms, 0411ms total)
T1A10 000:756 JLINK_WriteMem(0x20000994, 0x0014 Bytes, ...) -- Data:  00 00 00 00 00 00 00 00 00 00 00 00 00 03 00 20 ... -- CPU_WriteMem(20 bytes @ 0x20000994)  returns 0x14 (0003ms, 0414ms total)
T1A10 000:759 JLINK_EndDownload()  returns 0x00 (0000ms, 0414ms total)
T1A7C 000:760 JLINK_ReadRegs(NumRegs = 1, Indexes: 15) -- R15=0x2000023C  returns 0x00 (0000ms, 0414ms total)
T1A7C 000:760 JLINK_ReadMemU16(0x2000023C, 0x0001 Items, ...) -- CPU_ReadMem(2 bytes @ 0x2000023C) -- Data:  FF F7  returns 0x01 (0002ms, 0416ms total)
T1A7C 000:762 JLINK_WriteVectorCatch(0x00000000) -- CPU_WriteMem(4 bytes @ 0xE000EDFC)  returns 0x00 (0002ms, 0418ms total)
T1A7C 000:764 JLINK_ReadMemU32(0xE000EDFC, 0x0001 Items, ...) -- Data:  00 00 00 01  returns 0x01 (0000ms, 0418ms total)
T1A7C 000:764 JLINK_WriteMem(0xE000EDFC, 0x0004 Bytes, ...) -- Data:  00 00 00 01 -- CPU_WriteMem(4 bytes @ 0xE000EDFC)  returns 0x04 (0003ms, 0421ms total)
T1A7C 000:767 JLINK_ReadMemU32(0xE0002000, 0x0001 Items, ...) -- CPU_ReadMem(4 bytes @ 0xE0002000) -- Data:  21 00 00 00  returns 0x01 (0002ms, 0423ms total)
T1A7C 000:769 JLINK_ReadMemU32(0xE0002000, 0x0001 Items, ...) -- CPU_ReadMem(4 bytes @ 0xE0002000) -- Data:  21 00 00 00  returns 0x01 (0002ms, 0425ms total)
T1A7C 000:771 JLINK_ReadMemU32(0xE0001000, 0x0001 Items, ...) -- CPU_ReadMem(4 bytes @ 0xE0001000) -- Data:  00 00 00 20  returns 0x01 (0002ms, 0427ms total)
T1A7C 000:773 JLINK_ReadMemU32(0xE000EDFC, 0x0001 Items, ...) -- Data:  00 00 00 01  returns 0x01 (0000ms, 0427ms total)
T1A7C 000:773 JLINK_WriteMem(0xE000EDFC, 0x0004 Bytes, ...) -- Data:  00 00 00 01 -- CPU_WriteMem(4 bytes @ 0xE000EDFC)  returns 0x04 (0002ms, 0429ms total)
T1A7C 000:775 JLINK_WriteMem(0xE0001028, 0x0004 Bytes, ...) -- Data:  00 00 00 00 -- CPU_WriteMem(4 bytes @ 0xE0001028)  returns 0x04 (0002ms, 0431ms total)
T1A7C 000:777 JLINK_WriteMem(0xE0001038, 0x0004 Bytes, ...) -- Data:  00 00 00 00 -- CPU_WriteMem(4 bytes @ 0xE0001038)  returns 0x04 (0002ms, 0433ms total)
T1A7C 000:779 JLINK_Go() -- CPU_WriteMem(4 bytes @ 0xE0002008) -- CPU_WriteMem(4 bytes @ 0xE000200C) (0012ms, 0445ms total)
T1A7C 000:793 JLINK_IsHalted() -- CPU_ReadMem(2 bytes @ 0x20000238)  returns TRUE (0011ms, 0456ms total)
T1A7C 000:804 JLINK_ReadMemU32(0xE000EDFC, 0x0001 Items, ...) -- Data:  00 00 00 01  returns 0x01 (0000ms, 0445ms total)
T1A7C 000:804 JLINK_WriteMem(0xE000EDFC, 0x0004 Bytes, ...) -- Data:  00 00 00 01  returns 0x04 (0000ms, 0445ms total)
T1A7C 000:804 JLINK_WriteVectorCatch(0x00000000)  returns 0x00 (0000ms, 0445ms total)
T1A7C 000:804 JLINK_WriteMem(0xE0001028, 0x0004 Bytes, ...) -- Data:  00 00 00 00  returns 0x04 (0000ms, 0445ms total)
T1A7C 000:804 JLINK_WriteMem(0xE0001038, 0x0004 Bytes, ...) -- Data:  00 00 00 00  returns 0x04 (0000ms, 0445ms total)
T1A7C 000:804 JLINK_ReadRegs(NumRegs = 1, Indexes: 15) -- R15=0x20000238  returns 0x00 (0000ms, 0445ms total)
T1A7C 000:804 JLINK_ReadMemU16(0x20000238, 0x0001 Items, ...) -- Merging existing BP[0]: 0xE7FE @ 0x20000238 -- Merging existing BP[0]: 0xE7FE @ 0x20000238 -- Data:  FE E7  returns 0x01 (0000ms, 0445ms total)
T1A7C 000:804 JLINK_ReadMemU32(0x20000994, 0x0005 Items, ...) -- CPU_ReadMem(20 bytes @ 0x20000994) -- Data:  00 00 00 00 00 00 00 00 00 00 00 00 00 03 00 20 ...  returns 0x05 (0003ms, 0448ms total)
T1A7C 000:807 JLINK_BeginDownload(Flags = 0x01) (0000ms, 0448ms total)
T1A7C 000:807 JLINK_WriteMem(0x20000300, 0x0008 Bytes, ...) -- Data:  00 00 00 00 00 02 00 00 -- CPU_WriteMem(8 bytes @ 0x20000300)  returns 0x08 (0003ms, 0451ms total)
T1A7C 000:810 JLINK_EndDownload()  returns 0x00 (0000ms, 0451ms total)
T1A7C 000:811 JLINK_BeginDownload(Flags = 0x01) (0000ms, 0451ms total)
T1A7C 000:811 JLINK_WriteMem(0x20000994, 0x0014 Bytes, ...) -- Data:  00 00 00 00 01 00 00 00 00 00 00 00 00 03 00 20 ... -- CPU_WriteMem(20 bytes @ 0x20000994)  returns 0x14 (0002ms, 0453ms total)
T1A7C 000:814 JLINK_EndDownload()  returns 0x00 (0000ms, 0453ms total)
T1A7C 000:814 JLINK_WriteReg(R15, 0x2000024C)  returns 0x00 (0000ms, 0453ms total)
T1A7C 000:814 JLINK_ReadRegs(NumRegs = 1, Indexes: 15) -- R15=0x2000024C  returns 0x00 (0000ms, 0453ms total)
T1A7C 000:814 JLINK_ReadMemU16(0x2000024C, 0x0001 Items, ...) -- CPU_ReadMem(2 bytes @ 0x2000024C) -- Data:  FF F7  returns 0x01 (0002ms, 0455ms total)
T1A7C 000:816 JLINK_WriteVectorCatch(0x00000000)  returns 0x00 (0000ms, 0455ms total)
T1A7C 000:816 JLINK_ReadMemU32(0xE000EDFC, 0x0001 Items, ...) -- Data:  00 00 00 01  returns 0x01 (0000ms, 0455ms total)
T1A7C 000:816 JLINK_WriteMem(0xE000EDFC, 0x0004 Bytes, ...) -- Data:  00 00 00 01  returns 0x04 (0000ms, 0455ms total)
T1A7C 000:816 JLINK_WriteMem(0xE0001028, 0x0004 Bytes, ...) -- Data:  00 00 00 00  returns 0x04 (0000ms, 0455ms total)
T1A7C 000:816 JLINK_WriteMem(0xE0001038, 0x0004 Bytes, ...) -- Data:  00 00 00 00  returns 0x04 (0000ms, 0455ms total)
T1A7C 000:816 JLINK_Go() -- CPU_WriteMem(4 bytes @ 0xE0001028) -- CPU_WriteMem(4 bytes @ 0xE0001038) (0009ms, 0464ms total)
T1A7C 000:827 JLINK_IsHalted()  returns FALSE (0002ms, 0466ms total)
T1A7C 000:831 JLINK_IsHalted()  returns FALSE (0002ms, 0466ms total)
T1A7C 000:835 JLINK_IsHalted()  returns FALSE (0002ms, 0466ms total)
T1A7C 000:841 JLINK_IsHalted()  returns FALSE (0002ms, 0466ms total)
T1A7C 000:845 JLINK_IsHalted()  returns FALSE (0002ms, 0466ms total)
T1A7C 000:849 JLINK_IsHalted() -- CPU_ReadMem(2 bytes @ 0x20000238)  returns TRUE (0010ms, 0474ms total)
T1A7C 000:859 JLINK_ReadMemU32(0xE000EDFC, 0x0001 Items, ...) -- Data:  00 00 00 01  returns 0x01 (0000ms, 0464ms total)
T1A7C 000:859 JLINK_WriteMem(0xE000EDFC, 0x0004 Bytes, ...) -- Data:  00 00 00 01  returns 0x04 (0000ms, 0464ms total)
T1A7C 000:859 JLINK_WriteVectorCatch(0x00000000)  returns 0x00 (0000ms, 0464ms total)
T1A7C 000:859 JLINK_WriteMem(0xE0001028, 0x0004 Bytes, ...) -- Data:  00 00 00 00  returns 0x04 (0000ms, 0464ms total)
T1A7C 000:859 JLINK_WriteMem(0xE0001038, 0x0004 Bytes, ...) -- Data:  00 00 00 00  returns 0x04 (0000ms, 0464ms total)
T1A7C 000:859 JLINK_ReadRegs(NumRegs = 1, Indexes: 15) -- R15=0x20000238  returns 0x00 (0000ms, 0464ms total)
T1A7C 000:859 JLINK_ReadMemU16(0x20000238, 0x0001 Items, ...) -- Merging existing BP[0]: 0xE7FE @ 0x20000238 -- Merging existing BP[0]: 0xE7FE @ 0x20000238 -- Data:  FE E7  returns 0x01 (0000ms, 0464ms total)
T1A7C 000:859 JLINK_ReadMemU32(0x20000994, 0x0005 Items, ...) -- CPU_ReadMem(20 bytes @ 0x20000994) -- Data:  00 00 00 00 00 00 00 00 00 00 00 00 00 03 00 20 ...  returns 0x05 (0003ms, 0467ms total)
T1A7C 000:862 JLINK_BeginDownload(Flags = 0x01) (0000ms, 0467ms total)
T1A7C 000:862 JLINK_WriteMem(0x20000300, 0x00C0 Bytes, ...) -- Data:  F8 0B 00 20 11 04 00 00 C3 0C 00 00 C3 0C 00 00 ... -- CPU_WriteMem(192 bytes @ 0x20000300)  returns 0xC0 (0007ms, 0474ms total)
T1A7C 000:869 JLINK_EndDownload()  returns 0x00 (0000ms, 0474ms total)
T1A7C 000:870 JLINK_BeginDownload(Flags = 0x01) (0000ms, 0474ms total)
T1A7C 000:870 JLINK_WriteMem(0x20000994, 0x0014 Bytes, ...) -- Data:  00 00 00 00 C0 00 00 00 00 00 00 00 00 03 00 20 ... -- CPU_WriteMem(20 bytes @ 0x20000994)  returns 0x14 (0002ms, 0476ms total)
T1A7C 000:872 JLINK_EndDownload()  returns 0x00 (0000ms, 0476ms total)
T1A7C 000:873 JLINK_WriteReg(R15, 0x20000244)  returns 0x00 (0000ms, 0476ms total)
T1A7C 000:873 JLINK_ReadRegs(NumRegs = 1, Indexes: 15) -- R15=0x20000244  returns 0x00 (0000ms, 0476ms total)
T1A7C 000:873 JLINK_ReadMemU16(0x20000244, 0x0001 Items, ...) -- CPU_ReadMem(2 bytes @ 0x20000244) -- Data:  FF F7  returns 0x01 (0002ms, 0478ms total)
T1A7C 000:875 JLINK_WriteVectorCatch(0x00000000)  returns 0x00 (0000ms, 0478ms total)
T1A7C 000:875 JLINK_ReadMemU32(0xE000EDFC, 0x0001 Items, ...) -- Data:  00 00 00 01  returns 0x01 (0000ms, 0478ms total)
T1A7C 000:875 JLINK_WriteMem(0xE000EDFC, 0x0004 Bytes, ...) -- Data:  00 00 00 01  returns 0x04 (0000ms, 0478ms total)
T1A7C 000:875 JLINK_WriteMem(0xE0001028, 0x0004 Bytes, ...) -- Data:  00 00 00 00  returns 0x04 (0000ms, 0478ms total)
T1A7C 000:875 JLINK_WriteMem(0xE0001038, 0x0004 Bytes, ...) -- Data:  00 00 00 00  returns 0x04 (0000ms, 0478ms total)
T1A7C 000:875 JLINK_Go() -- CPU_WriteMem(4 bytes @ 0xE0001028) -- CPU_WriteMem(4 bytes @ 0xE0001038) (0009ms, 0487ms total)
T1A7C 000:886 JLINK_IsHalted()  returns FALSE (0002ms, 0489ms total)
T1A7C 000:890 JLINK_IsHalted() -- CPU_ReadMem(2 bytes @ 0x20000238)  returns TRUE (0010ms, 0497ms total)
T1A7C 000:900 JLINK_ReadMemU32(0xE000EDFC, 0x0001 Items, ...) -- Data:  00 00 00 01  returns 0x01 (0000ms, 0487ms total)
T1A7C 000:900 JLINK_WriteMem(0xE000EDFC, 0x0004 Bytes, ...) -- Data:  00 00 00 01  returns 0x04 (0000ms, 0487ms total)
T1A7C 000:900 JLINK_WriteVectorCatch(0x00000000)  returns 0x00 (0000ms, 0487ms total)
T1A7C 000:900 JLINK_WriteMem(0xE0001028, 0x0004 Bytes, ...) -- Data:  00 00 00 00  returns 0x04 (0000ms, 0487ms total)
T1A7C 000:900 JLINK_WriteMem(0xE0001038, 0x0004 Bytes, ...) -- Data:  00 00 00 00  returns 0x04 (0000ms, 0487ms total)
T1A7C 000:900 JLINK_ReadRegs(NumRegs = 1, Indexes: 15) -- R15=0x20000238  returns 0x00 (0000ms, 0487ms total)
T1A7C 000:900 JLINK_ReadMemU16(0x20000238, 0x0001 Items, ...) -- Merging existing BP[0]: 0xE7FE @ 0x20000238 -- Merging existing BP[0]: 0xE7FE @ 0x20000238 -- Data:  FE E7  returns 0x01 (0000ms, 0487ms total)
T1A7C 000:900 JLINK_ReadMemU32(0x20000994, 0x0005 Items, ...) -- CPU_ReadMem(20 bytes @ 0x20000994) -- Data:  00 00 00 00 00 00 00 00 00 00 00 00 00 03 00 20 ...  returns 0x05 (0003ms, 0490ms total)
T1A7C 000:903 JLINK_BeginDownload(Flags = 0x01) (0000ms, 0490ms total)
T1A7C 000:903 JLINK_WriteMem(0x20000300, 0x0018 Bytes, ...) -- Data:  00 04 00 00 00 02 00 00 00 06 00 00 00 02 00 00 ... -- CPU_WriteMem(24 bytes @ 0x20000300)  returns 0x18 (0003ms, 0493ms total)
T1A7C 000:906 JLINK_EndDownload()  returns 0x00 (0000ms, 0493ms total)
T1A7C 000:907 JLINK_BeginDownload(Flags = 0x01) (0000ms, 0493ms total)
T1A7C 000:907 JLINK_WriteMem(0x20000994, 0x0014 Bytes, ...) -- Data:  00 00 00 00 03 00 00 00 00 00 00 00 00 03 00 20 ... -- CPU_WriteMem(20 bytes @ 0x20000994)  returns 0x14 (0003ms, 0496ms total)
T1A7C 000:910 JLINK_EndDownload()  returns 0x00 (0000ms, 0496ms total)
T1A7C 000:910 JLINK_WriteReg(R15, 0x2000024C)  returns 0x00 (0000ms, 0496ms total)
T1A7C 000:910 JLINK_ReadRegs(NumRegs = 1, Indexes: 15) -- R15=0x2000024C  returns 0x00 (0000ms, 0496ms total)
T1A7C 000:910 JLINK_ReadMemU16(0x2000024C, 0x0001 Items, ...) -- CPU_ReadMem(2 bytes @ 0x2000024C) -- Data:  FF F7  returns 0x01 (0002ms, 0498ms total)
T1A7C 000:912 JLINK_WriteVectorCatch(0x00000000)  returns 0x00 (0000ms, 0498ms total)
T1A7C 000:912 JLINK_ReadMemU32(0xE000EDFC, 0x0001 Items, ...) -- Data:  00 00 00 01  returns 0x01 (0001ms, 0499ms total)
T1A7C 000:913 JLINK_WriteMem(0xE000EDFC, 0x0004 Bytes, ...) -- Data:  00 00 00 01  returns 0x04 (0000ms, 0499ms total)
T1A7C 000:913 JLINK_WriteMem(0xE0001028, 0x0004 Bytes, ...) -- Data:  00 00 00 00  returns 0x04 (0000ms, 0499ms total)
T1A7C 000:913 JLINK_WriteMem(0xE0001038, 0x0004 Bytes, ...) -- Data:  00 00 00 00  returns 0x04 (0000ms, 0499ms total)
T1A7C 000:913 JLINK_Go() -- CPU_WriteMem(4 bytes @ 0xE0001028) -- CPU_WriteMem(4 bytes @ 0xE0001038) (0010ms, 0509ms total)
T1A7C 000:925 JLINK_IsHalted()  returns FALSE (0002ms, 0511ms total)
T1A7C 000:929 JLINK_IsHalted()  returns FALSE (0002ms, 0511ms total)
T1A7C 000:933 JLINK_IsHalted()  returns FALSE (0002ms, 0511ms total)
T1A7C 000:937 JLINK_IsHalted()  returns FALSE (0002ms, 0511ms total)
T1A7C 000:941 JLINK_IsHalted()  returns FALSE (0001ms, 0510ms total)
T1A7C 000:944 JLINK_IsHalted()  returns FALSE (0002ms, 0511ms total)
T1A7C 000:948 JLINK_IsHalted()  returns FALSE (0002ms, 0511ms total)
T1A7C 000:952 JLINK_IsHalted()  returns FALSE (0002ms, 0511ms total)
T1A7C 000:956 JLINK_IsHalted()  returns FALSE (0002ms, 0511ms total)
T1A7C 000:960 JLINK_IsHalted()  returns FALSE (0002ms, 0511ms total)
T1A7C 000:964 JLINK_IsHalted()  returns FALSE (0002ms, 0511ms total)
T1A7C 000:968 JLINK_IsHalted()  returns FALSE (0002ms, 0511ms total)
T1A7C 000:972 JLINK_IsHalted()  returns FALSE (0002ms, 0511ms total)
T1A7C 000:976 JLINK_IsHalted()  returns FALSE (0002ms, 0511ms total)
T1A7C 000:980 JLINK_IsHalted()  returns FALSE (0002ms, 0511ms total)
T1A7C 000:984 JLINK_IsHalted()  returns FALSE (0001ms, 0510ms total)
T1A7C 000:987 JLINK_IsHalted()  returns FALSE (0002ms, 0511ms total)
T1A7C 000:991 JLINK_IsHalted()  returns FALSE (0002ms, 0511ms total)
T1A7C 000:995 JLINK_IsHalted() -- CPU_ReadMem(2 bytes @ 0x20000238)  returns TRUE (0013ms, 0522ms total)
T1A7C 001:008 JLINK_ReadMemU32(0xE000EDFC, 0x0001 Items, ...) -- Data:  00 00 00 01  returns 0x01 (0002ms, 0511ms total)
T1A7C 001:010 JLINK_WriteMem(0xE000EDFC, 0x0004 Bytes, ...) -- Data:  00 00 00 01  returns 0x04 (0000ms, 0511ms total)
T1A7C 001:010 JLINK_WriteVectorCatch(0x00000000)  returns 0x00 (0000ms, 0511ms total)
T1A7C 001:010 JLINK_WriteMem(0xE0001028, 0x0004 Bytes, ...) -- Data:  00 00 00 00  returns 0x04 (0000ms, 0511ms total)
T1A7C 001:010 JLINK_WriteMem(0xE0001038, 0x0004 Bytes, ...) -- Data:  00 00 00 00  returns 0x04 (0000ms, 0511ms total)
T1A7C 001:010 JLINK_ReadRegs(NumRegs = 1, Indexes: 15) -- R15=0x20000238  returns 0x00 (0000ms, 0511ms total)
T1A7C 001:010 JLINK_ReadMemU16(0x20000238, 0x0001 Items, ...) -- Merging existing BP[0]: 0xE7FE @ 0x20000238 -- Merging existing BP[0]: 0xE7FE @ 0x20000238 -- Data:  FE E7  returns 0x01 (0000ms, 0511ms total)
T1A7C 001:010 JLINK_ReadMemU32(0x20000994, 0x0005 Items, ...) -- CPU_ReadMem(20 bytes @ 0x20000994) -- Data:  00 00 00 00 00 00 00 00 00 00 00 00 00 03 00 20 ...  returns 0x05 (0003ms, 0514ms total)
T1A7C 001:013 JLINK_BeginDownload(Flags = 0x01) (0000ms, 0514ms total)
T1A7C 001:013 JLINK_WriteMem(0x20000300, 0x05F0 Bytes, ...) -- Data:  00 20 00 21 00 22 00 23 00 24 00 25 00 26 00 27 ... -- CPU_WriteMem(1520 bytes @ 0x20000300)  returns 0x5F0 (0039ms, 0553ms total)
T1A7C 001:052 JLINK_EndDownload()  returns 0x00 (0000ms, 0553ms total)
T1A7C 001:053 JLINK_BeginDownload(Flags = 0x01) (0000ms, 0553ms total)
T1A7C 001:053 JLINK_WriteMem(0x20000994, 0x0014 Bytes, ...) -- Data:  00 04 00 00 F0 05 00 00 10 00 00 00 00 03 00 20 ... -- CPU_WriteMem(20 bytes @ 0x20000994)  returns 0x14 (0003ms, 0556ms total)
T1A7C 001:056 JLINK_EndDownload()  returns 0x00 (0000ms, 0556ms total)
T1A7C 001:056 JLINK_WriteReg(R15, 0x20000244)  returns 0x00 (0000ms, 0556ms total)
T1A7C 001:056 JLINK_ReadRegs(NumRegs = 1, Indexes: 15) -- R15=0x20000244  returns 0x00 (0000ms, 0556ms total)
T1A7C 001:056 JLINK_ReadMemU16(0x20000244, 0x0001 Items, ...) -- CPU_ReadMem(2 bytes @ 0x20000244) -- Data:  FF F7  returns 0x01 (0003ms, 0559ms total)
T1A7C 001:059 JLINK_WriteVectorCatch(0x00000000)  returns 0x00 (0000ms, 0559ms total)
T1A7C 001:059 JLINK_ReadMemU32(0xE000EDFC, 0x0001 Items, ...) -- Data:  00 00 00 01  returns 0x01 (0000ms, 0559ms total)
T1A7C 001:059 JLINK_WriteMem(0xE000EDFC, 0x0004 Bytes, ...) -- Data:  00 00 00 01  returns 0x04 (0000ms, 0559ms total)
T1A7C 001:059 JLINK_WriteMem(0xE0001028, 0x0004 Bytes, ...) -- Data:  00 00 00 00  returns 0x04 (0000ms, 0559ms total)
T1A7C 001:059 JLINK_WriteMem(0xE0001038, 0x0004 Bytes, ...) -- Data:  00 00 00 00  returns 0x04 (0000ms, 0559ms total)
T1A7C 001:059 JLINK_Go() -- CPU_WriteMem(4 bytes @ 0xE0001028) -- CPU_WriteMem(4 bytes @ 0xE0001038) (0009ms, 0568ms total)
T1A7C 001:070 JLINK_IsHalted()  returns FALSE (0002ms, 0570ms total)
T1A7C 001:074 JLINK_IsHalted()  returns FALSE (0002ms, 0570ms total)
T1A7C 001:078 JLINK_IsHalted()  returns FALSE (0002ms, 0570ms total)
T1A7C 001:082 JLINK_IsHalted()  returns FALSE (0002ms, 0570ms total)
T1A7C 001:086 JLINK_IsHalted()  returns FALSE (0002ms, 0570ms total)
T1A7C 001:090 JLINK_IsHalted()  returns FALSE (0002ms, 0570ms total)
T1A7C 001:094 JLINK_IsHalted()  returns FALSE (0002ms, 0570ms total)
T1A7C 001:098 JLINK_IsHalted()  returns FALSE (0002ms, 0570ms total)
T1A7C 001:102 JLINK_IsHalted()  returns FALSE (0002ms, 0570ms total)
T1A7C 001:106 JLINK_IsHalted()  returns FALSE (0002ms, 0570ms total)
T1A7C 001:109 JLINK_IsHalted()  returns FALSE (0002ms, 0570ms total)
T1A7C 001:113 JLINK_IsHalted()  returns FALSE (0002ms, 0570ms total)
T1A7C 001:117 JLINK_IsHalted()  returns FALSE (0002ms, 0570ms total)
T1A7C 001:121 JLINK_IsHalted() -- CPU_ReadMem(2 bytes @ 0x20000238)  returns TRUE (0012ms, 0580ms total)
T1A7C 001:133 JLINK_ReadMemU32(0xE000EDFC, 0x0001 Items, ...) -- Data:  00 00 00 01  returns 0x01 (0000ms, 0568ms total)
T1A7C 001:133 JLINK_WriteMem(0xE000EDFC, 0x0004 Bytes, ...) -- Data:  00 00 00 01  returns 0x04 (0000ms, 0568ms total)
T1A7C 001:133 JLINK_WriteVectorCatch(0x00000000)  returns 0x00 (0000ms, 0568ms total)
T1A7C 001:133 JLINK_WriteMem(0xE0001028, 0x0004 Bytes, ...) -- Data:  00 00 00 00  returns 0x04 (0000ms, 0568ms total)
T1A7C 001:133 JLINK_WriteMem(0xE0001038, 0x0004 Bytes, ...) -- Data:  00 00 00 00  returns 0x04 (0000ms, 0568ms total)
T1A7C 001:133 JLINK_ReadRegs(NumRegs = 1, Indexes: 15) -- R15=0x20000238  returns 0x00 (0000ms, 0568ms total)
T1A7C 001:133 JLINK_ReadMemU16(0x20000238, 0x0001 Items, ...) -- Merging existing BP[0]: 0xE7FE @ 0x20000238 -- Merging existing BP[0]: 0xE7FE @ 0x20000238 -- Data:  FE E7  returns 0x01 (0000ms, 0568ms total)
T1A7C 001:133 JLINK_ReadMemU32(0x20000994, 0x0005 Items, ...) -- CPU_ReadMem(20 bytes @ 0x20000994) -- Data:  00 04 00 00 00 00 00 00 10 00 00 00 00 03 00 20 ...  returns 0x05 (0003ms, 0571ms total)
T1A7C 001:136 JLINK_BeginDownload(Flags = 0x01) (0000ms, 0571ms total)
T1A7C 001:136 JLINK_WriteMem(0x20000300, 0x0018 Bytes, ...) -- Data:  00 0A 00 00 00 02 00 00 00 0C 00 00 00 02 00 00 ... -- CPU_WriteMem(24 bytes @ 0x20000300)  returns 0x18 (0003ms, 0574ms total)
T1A7C 001:139 JLINK_EndDownload()  returns 0x00 (0000ms, 0574ms total)
T1A7C 001:140 JLINK_BeginDownload(Flags = 0x01) (0000ms, 0574ms total)
T1A7C 001:140 JLINK_WriteMem(0x20000994, 0x0014 Bytes, ...) -- Data:  00 00 00 00 03 00 00 00 00 00 00 00 00 03 00 20 ... -- CPU_WriteMem(20 bytes @ 0x20000994)  returns 0x14 (0003ms, 0577ms total)
T1A7C 001:143 JLINK_EndDownload()  returns 0x00 (0000ms, 0577ms total)
T1A7C 001:143 JLINK_WriteReg(R15, 0x2000024C)  returns 0x00 (0000ms, 0577ms total)
T1A7C 001:143 JLINK_ReadRegs(NumRegs = 1, Indexes: 15) -- R15=0x2000024C  returns 0x00 (0000ms, 0577ms total)
T1A7C 001:143 JLINK_ReadMemU16(0x2000024C, 0x0001 Items, ...) -- CPU_ReadMem(2 bytes @ 0x2000024C) -- Data:  FF F7  returns 0x01 (0003ms, 0580ms total)
T1A7C 001:146 JLINK_WriteVectorCatch(0x00000000)  returns 0x00 (0000ms, 0580ms total)
T1A7C 001:146 JLINK_ReadMemU32(0xE000EDFC, 0x0001 Items, ...) -- Data:  00 00 00 01  returns 0x01 (0000ms, 0580ms total)
T1A7C 001:146 JLINK_WriteMem(0xE000EDFC, 0x0004 Bytes, ...) -- Data:  00 00 00 01  returns 0x04 (0000ms, 0580ms total)
T1A7C 001:146 JLINK_WriteMem(0xE0001028, 0x0004 Bytes, ...) -- Data:  00 00 00 00  returns 0x04 (0000ms, 0580ms total)
T1A7C 001:146 JLINK_WriteMem(0xE0001038, 0x0004 Bytes, ...) -- Data:  00 00 00 00  returns 0x04 (0000ms, 0580ms total)
T1A7C 001:146 JLINK_Go() -- CPU_WriteMem(4 bytes @ 0xE0001028) -- CPU_WriteMem(4 bytes @ 0xE0001038) (0009ms, 0589ms total)
T1A7C 001:157 JLINK_IsHalted()  returns FALSE (0002ms, 0591ms total)
T1A7C 001:161 JLINK_IsHalted()  returns FALSE (0002ms, 0591ms total)
T1A7C 001:165 JLINK_IsHalted()  returns FALSE (0002ms, 0591ms total)
T1A7C 001:169 JLINK_IsHalted()  returns FALSE (0002ms, 0591ms total)
T1A7C 001:173 JLINK_IsHalted()  returns FALSE (0002ms, 0591ms total)
T1A7C 001:177 JLINK_IsHalted()  returns FALSE (0002ms, 0591ms total)
T1A7C 001:181 JLINK_IsHalted()  returns FALSE (0002ms, 0591ms total)
T1A7C 001:185 JLINK_IsHalted()  returns FALSE (0002ms, 0591ms total)
T1A7C 001:189 JLINK_IsHalted()  returns FALSE (0002ms, 0591ms total)
T1A7C 001:192 JLINK_IsHalted()  returns FALSE (0002ms, 0591ms total)
T1A7C 001:196 JLINK_IsHalted()  returns FALSE (0002ms, 0591ms total)
T1A7C 001:200 JLINK_IsHalted()  returns FALSE (0002ms, 0591ms total)
T1A7C 001:204 JLINK_IsHalted()  returns FALSE (0002ms, 0591ms total)
T1A7C 001:208 JLINK_IsHalted()  returns FALSE (0002ms, 0591ms total)
T1A7C 001:212 JLINK_IsHalted()  returns FALSE (0002ms, 0591ms total)
T1A7C 001:216 JLINK_IsHalted()  returns FALSE (0002ms, 0591ms total)
T1A7C 001:220 JLINK_IsHalted()  returns FALSE (0002ms, 0591ms total)
T1A7C 001:224 JLINK_IsHalted()  returns FALSE (0002ms, 0591ms total)
T1A7C 001:228 JLINK_IsHalted() -- CPU_ReadMem(2 bytes @ 0x20000238)  returns TRUE (0011ms, 0600ms total)
T1A7C 001:239 JLINK_ReadMemU32(0xE000EDFC, 0x0001 Items, ...) -- Data:  00 00 00 01  returns 0x01 (0000ms, 0589ms total)
T1A7C 001:239 JLINK_WriteMem(0xE000EDFC, 0x0004 Bytes, ...) -- Data:  00 00 00 01  returns 0x04 (0000ms, 0589ms total)
T1A7C 001:239 JLINK_WriteVectorCatch(0x00000000)  returns 0x00 (0000ms, 0589ms total)
T1A7C 001:239 JLINK_WriteMem(0xE0001028, 0x0004 Bytes, ...) -- Data:  00 00 00 00  returns 0x04 (0000ms, 0589ms total)
T1A7C 001:239 JLINK_WriteMem(0xE0001038, 0x0004 Bytes, ...) -- Data:  00 00 00 00  returns 0x04 (0000ms, 0589ms total)
T1A7C 001:239 JLINK_ReadRegs(NumRegs = 1, Indexes: 15) -- R15=0x20000238  returns 0x00 (0000ms, 0589ms total)
T1A7C 001:239 JLINK_ReadMemU16(0x20000238, 0x0001 Items, ...) -- Merging existing BP[0]: 0xE7FE @ 0x20000238 -- Merging existing BP[0]: 0xE7FE @ 0x20000238 -- Data:  FE E7  returns 0x01 (0000ms, 0589ms total)
T1A7C 001:239 JLINK_ReadMemU32(0x20000994, 0x0005 Items, ...) -- CPU_ReadMem(20 bytes @ 0x20000994) -- Data:  00 00 00 00 00 00 00 00 00 00 00 00 00 03 00 20 ...  returns 0x05 (0003ms, 0592ms total)
T1A7C 001:242 JLINK_BeginDownload(Flags = 0x01) (0000ms, 0592ms total)
T1A7C 001:242 JLINK_WriteMem(0x20000300, 0x0600 Bytes, ...) -- Data:  AD F8 46 48 00 78 FB 21 01 40 44 48 01 70 43 48 ... -- CPU_WriteMem(1536 bytes @ 0x20000300)  returns 0x600 (0039ms, 0631ms total)
T1A7C 001:281 JLINK_EndDownload()  returns 0x00 (0000ms, 0631ms total)
T1A7C 001:282 JLINK_BeginDownload(Flags = 0x01) (0000ms, 0631ms total)
T1A7C 001:282 JLINK_WriteMem(0x20000994, 0x0014 Bytes, ...) -- Data:  00 0A 00 00 00 06 00 00 00 00 00 00 00 03 00 20 ... -- CPU_WriteMem(20 bytes @ 0x20000994)  returns 0x14 (0003ms, 0634ms total)
T1A7C 001:285 JLINK_EndDownload()  returns 0x00 (0000ms, 0634ms total)
T1A7C 001:286 JLINK_WriteReg(R15, 0x20000244)  returns 0x00 (0000ms, 0634ms total)
T1A7C 001:286 JLINK_ReadRegs(NumRegs = 1, Indexes: 15) -- R15=0x20000244  returns 0x00 (0000ms, 0634ms total)
T1A7C 001:286 JLINK_ReadMemU16(0x20000244, 0x0001 Items, ...) -- CPU_ReadMem(2 bytes @ 0x20000244) -- Data:  FF F7  returns 0x01 (0002ms, 0636ms total)
T1A7C 001:288 JLINK_WriteVectorCatch(0x00000000)  returns 0x00 (0000ms, 0636ms total)
T1A7C 001:288 JLINK_ReadMemU32(0xE000EDFC, 0x0001 Items, ...) -- Data:  00 00 00 01  returns 0x01 (0000ms, 0636ms total)
T1A7C 001:288 JLINK_WriteMem(0xE000EDFC, 0x0004 Bytes, ...) -- Data:  00 00 00 01  returns 0x04 (0000ms, 0636ms total)
T1A7C 001:288 JLINK_WriteMem(0xE0001028, 0x0004 Bytes, ...) -- Data:  00 00 00 00  returns 0x04 (0001ms, 0637ms total)
T1A7C 001:289 JLINK_WriteMem(0xE0001038, 0x0004 Bytes, ...) -- Data:  00 00 00 00  returns 0x04 (0000ms, 0637ms total)
T1A7C 001:289 JLINK_Go() -- CPU_WriteMem(4 bytes @ 0xE0001028) -- CPU_WriteMem(4 bytes @ 0xE0001038) (0010ms, 0647ms total)
T1A7C 001:301 JLINK_IsHalted()  returns FALSE (0003ms, 0650ms total)
T1A7C 001:306 JLINK_IsHalted()  returns FALSE (0002ms, 0649ms total)
T1A7C 001:310 JLINK_IsHalted()  returns FALSE (0002ms, 0649ms total)
T1A7C 001:314 JLINK_IsHalted()  returns FALSE (0002ms, 0649ms total)
T1A7C 001:317 JLINK_IsHalted()  returns FALSE (0002ms, 0649ms total)
T1A7C 001:321 JLINK_IsHalted()  returns FALSE (0002ms, 0649ms total)
T1A7C 001:325 JLINK_IsHalted()  returns FALSE (0002ms, 0649ms total)
T1A7C 001:330 JLINK_IsHalted()  returns FALSE (0002ms, 0649ms total)
T1A7C 001:334 JLINK_IsHalted()  returns FALSE (0002ms, 0649ms total)
T1A7C 001:338 JLINK_IsHalted()  returns FALSE (0002ms, 0649ms total)
T1A7C 001:342 JLINK_IsHalted()  returns FALSE (0002ms, 0649ms total)
T1A7C 001:346 JLINK_IsHalted()  returns FALSE (0002ms, 0649ms total)
T1A7C 001:351 JLINK_IsHalted() -- CPU_ReadMem(2 bytes @ 0x20000238)  returns TRUE (0011ms, 0658ms total)
T1A7C 001:362 JLINK_ReadMemU32(0xE000EDFC, 0x0001 Items, ...) -- Data:  00 00 00 01  returns 0x01 (0000ms, 0647ms total)
T1A7C 001:362 JLINK_WriteMem(0xE000EDFC, 0x0004 Bytes, ...) -- Data:  00 00 00 01  returns 0x04 (0000ms, 0647ms total)
T1A7C 001:362 JLINK_WriteVectorCatch(0x00000000)  returns 0x00 (0000ms, 0647ms total)
T1A7C 001:362 JLINK_WriteMem(0xE0001028, 0x0004 Bytes, ...) -- Data:  00 00 00 00  returns 0x04 (0000ms, 0647ms total)
T1A7C 001:362 JLINK_WriteMem(0xE0001038, 0x0004 Bytes, ...) -- Data:  00 00 00 00  returns 0x04 (0000ms, 0647ms total)
T1A7C 001:362 JLINK_ReadRegs(NumRegs = 1, Indexes: 15) -- R15=0x20000238  returns 0x00 (0000ms, 0647ms total)
T1A7C 001:362 JLINK_ReadMemU16(0x20000238, 0x0001 Items, ...) -- Merging existing BP[0]: 0xE7FE @ 0x20000238 -- Merging existing BP[0]: 0xE7FE @ 0x20000238 -- Data:  FE E7  returns 0x01 (0000ms, 0647ms total)
T1A7C 001:363 JLINK_ReadMemU32(0x20000994, 0x0005 Items, ...) -- CPU_ReadMem(20 bytes @ 0x20000994) -- Data:  00 0A 00 00 00 00 00 00 00 00 00 00 00 03 00 20 ...  returns 0x05 (0003ms, 0650ms total)
T1A7C 001:366 JLINK_BeginDownload(Flags = 0x01) (0000ms, 0650ms total)
T1A7C 001:366 JLINK_WriteMem(0x20000300, 0x0018 Bytes, ...) -- Data:  00 10 00 00 00 02 00 00 00 12 00 00 00 02 00 00 ... -- CPU_WriteMem(24 bytes @ 0x20000300)  returns 0x18 (0003ms, 0653ms total)
T1A7C 001:369 JLINK_EndDownload()  returns 0x00 (0000ms, 0653ms total)
T1A7C 001:370 JLINK_BeginDownload(Flags = 0x01) (0000ms, 0653ms total)
T1A7C 001:370 JLINK_WriteMem(0x20000994, 0x0014 Bytes, ...) -- Data:  00 00 00 00 03 00 00 00 00 00 00 00 00 03 00 20 ... -- CPU_WriteMem(20 bytes @ 0x20000994)  returns 0x14 (0003ms, 0656ms total)
T1A7C 001:373 JLINK_EndDownload()  returns 0x00 (0000ms, 0656ms total)
T1A7C 001:373 JLINK_WriteReg(R15, 0x2000024C)  returns 0x00 (0000ms, 0656ms total)
T1A7C 001:374 JLINK_ReadRegs(NumRegs = 1, Indexes: 15) -- R15=0x2000024C  returns 0x00 (0000ms, 0656ms total)
T1A7C 001:374 JLINK_ReadMemU16(0x2000024C, 0x0001 Items, ...) -- CPU_ReadMem(2 bytes @ 0x2000024C) -- Data:  FF F7  returns 0x01 (0002ms, 0658ms total)
T1A7C 001:376 JLINK_WriteVectorCatch(0x00000000)  returns 0x00 (0000ms, 0658ms total)
T1A7C 001:376 JLINK_ReadMemU32(0xE000EDFC, 0x0001 Items, ...) -- Data:  00 00 00 01  returns 0x01 (0000ms, 0658ms total)
T1A7C 001:376 JLINK_WriteMem(0xE000EDFC, 0x0004 Bytes, ...) -- Data:  00 00 00 01  returns 0x04 (0000ms, 0658ms total)
T1A7C 001:376 JLINK_WriteMem(0xE0001028, 0x0004 Bytes, ...) -- Data:  00 00 00 00  returns 0x04 (0000ms, 0658ms total)
T1A7C 001:376 JLINK_WriteMem(0xE0001038, 0x0004 Bytes, ...) -- Data:  00 00 00 00  returns 0x04 (0000ms, 0658ms total)
T1A7C 001:376 JLINK_Go() -- CPU_WriteMem(4 bytes @ 0xE0001028) -- CPU_WriteMem(4 bytes @ 0xE0001038) (0012ms, 0670ms total)
T1A7C 001:390 JLINK_IsHalted()  returns FALSE (0002ms, 0672ms total)
T1A7C 001:394 JLINK_IsHalted()  returns FALSE (0002ms, 0672ms total)
T1A7C 001:398 JLINK_IsHalted()  returns FALSE (0002ms, 0672ms total)
T1A7C 001:401 JLINK_IsHalted()  returns FALSE (0002ms, 0672ms total)
T1A7C 001:405 JLINK_IsHalted()  returns FALSE (0002ms, 0672ms total)
T1A7C 001:409 JLINK_IsHalted()  returns FALSE (0002ms, 0672ms total)
T1A7C 001:413 JLINK_IsHalted()  returns FALSE (0002ms, 0672ms total)
T1A7C 001:417 JLINK_IsHalted()  returns FALSE (0002ms, 0672ms total)
T1A7C 001:421 JLINK_IsHalted()  returns FALSE (0002ms, 0672ms total)
T1A7C 001:425 JLINK_IsHalted()  returns FALSE (0002ms, 0672ms total)
T1A7C 001:429 JLINK_IsHalted()  returns FALSE (0003ms, 0673ms total)
T1A7C 001:434 JLINK_IsHalted()  returns FALSE (0002ms, 0672ms total)
T1A7C 001:438 JLINK_IsHalted()  returns FALSE (0003ms, 0673ms total)
T1A7C 001:442 JLINK_IsHalted()  returns FALSE (0002ms, 0672ms total)
T1A7C 001:446 JLINK_IsHalted()  returns FALSE (0002ms, 0672ms total)
T1A7C 001:450 JLINK_IsHalted()  returns FALSE (0002ms, 0672ms total)
T1A7C 001:454 JLINK_IsHalted()  returns FALSE (0002ms, 0672ms total)
T1A7C 001:458 JLINK_IsHalted() -- CPU_ReadMem(2 bytes @ 0x20000238)  returns TRUE (0012ms, 0682ms total)
T1A7C 001:470 JLINK_ReadMemU32(0xE000EDFC, 0x0001 Items, ...) -- Data:  00 00 00 01  returns 0x01 (0000ms, 0670ms total)
T1A7C 001:470 JLINK_WriteMem(0xE000EDFC, 0x0004 Bytes, ...) -- Data:  00 00 00 01  returns 0x04 (0000ms, 0670ms total)
T1A7C 001:470 JLINK_WriteVectorCatch(0x00000000)  returns 0x00 (0000ms, 0670ms total)
T1A7C 001:470 JLINK_WriteMem(0xE0001028, 0x0004 Bytes, ...) -- Data:  00 00 00 00  returns 0x04 (0000ms, 0670ms total)
T1A7C 001:470 JLINK_WriteMem(0xE0001038, 0x0004 Bytes, ...) -- Data:  00 00 00 00  returns 0x04 (0000ms, 0670ms total)
T1A7C 001:470 JLINK_ReadRegs(NumRegs = 1, Indexes: 15) -- R15=0x20000238  returns 0x00 (0000ms, 0670ms total)
T1A7C 001:470 JLINK_ReadMemU16(0x20000238, 0x0001 Items, ...) -- Merging existing BP[0]: 0xE7FE @ 0x20000238 -- Merging existing BP[0]: 0xE7FE @ 0x20000238 -- Data:  FE E7  returns 0x01 (0000ms, 0670ms total)
T1A7C 001:470 JLINK_ReadMemU32(0x20000994, 0x0005 Items, ...) -- CPU_ReadMem(20 bytes @ 0x20000994) -- Data:  00 00 00 00 00 00 00 00 00 00 00 00 00 03 00 20 ...  returns 0x05 (0003ms, 0673ms total)
T1A7C 001:474 JLINK_BeginDownload(Flags = 0x01) (0000ms, 0673ms total)
T1A7C 001:474 JLINK_WriteMem(0x20000300, 0x0600 Bytes, ...) -- Data:  09 D0 30 48 84 42 06 D0 2F 48 84 42 03 D0 39 21 ... -- CPU_WriteMem(1536 bytes @ 0x20000300)  returns 0x600 (0039ms, 0712ms total)
T1A7C 001:516 JLINK_EndDownload()  returns 0x00 (0002ms, 0716ms total)
T1A7C 001:519 JLINK_BeginDownload(Flags = 0x01) (0000ms, 0716ms total)
T1A7C 001:519 JLINK_WriteMem(0x20000994, 0x0014 Bytes, ...) -- Data:  00 10 00 00 00 06 00 00 00 00 00 00 00 03 00 20 ... -- CPU_WriteMem(20 bytes @ 0x20000994)  returns 0x14 (0004ms, 0720ms total)
T1A7C 001:523 JLINK_EndDownload()  returns 0x00 (0000ms, 0720ms total)
T1A7C 001:523 JLINK_WriteReg(R15, 0x20000244)  returns 0x00 (0000ms, 0720ms total)
T1A7C 001:524 JLINK_ReadRegs(NumRegs = 1, Indexes: 15) -- R15=0x20000244  returns 0x00 (0000ms, 0720ms total)
T1A7C 001:524 JLINK_ReadMemU16(0x20000244, 0x0001 Items, ...) -- CPU_ReadMem(2 bytes @ 0x20000244) -- Data:  FF F7  returns 0x01 (0003ms, 0723ms total)
T1A7C 001:527 JLINK_WriteVectorCatch(0x00000000)  returns 0x00 (0000ms, 0723ms total)
T1A7C 001:527 JLINK_ReadMemU32(0xE000EDFC, 0x0001 Items, ...) -- Data:  00 00 00 01  returns 0x01 (0000ms, 0723ms total)
T1A7C 001:527 JLINK_WriteMem(0xE000EDFC, 0x0004 Bytes, ...) -- Data:  00 00 00 01  returns 0x04 (0000ms, 0723ms total)
T1A7C 001:527 JLINK_WriteMem(0xE0001028, 0x0004 Bytes, ...) -- Data:  00 00 00 00  returns 0x04 (0000ms, 0723ms total)
T1A7C 001:527 JLINK_WriteMem(0xE0001038, 0x0004 Bytes, ...) -- Data:  00 00 00 00  returns 0x04 (0000ms, 0723ms total)
T1A7C 001:527 JLINK_Go() -- CPU_WriteMem(4 bytes @ 0xE0001028) -- CPU_WriteMem(4 bytes @ 0xE0001038) (0013ms, 0736ms total)
T1A7C 001:542 JLINK_IsHalted()  returns FALSE (0003ms, 0739ms total)
T1A7C 001:547 JLINK_IsHalted()  returns FALSE (0002ms, 0738ms total)
T1A7C 001:551 JLINK_IsHalted()  returns FALSE (0002ms, 0738ms total)
T1A7C 001:555 JLINK_IsHalted()  returns FALSE (0002ms, 0738ms total)
T1A7C 001:559 JLINK_IsHalted()  returns FALSE (0003ms, 0739ms total)
T1A7C 001:564 JLINK_IsHalted()  returns FALSE (0002ms, 0738ms total)
T1A7C 001:567 JLINK_IsHalted()  returns FALSE (0002ms, 0738ms total)
T1A7C 001:571 JLINK_IsHalted()  returns FALSE (0002ms, 0738ms total)
T1A7C 001:575 JLINK_IsHalted()  returns FALSE (0002ms, 0738ms total)
T1A7C 001:579 JLINK_IsHalted()  returns FALSE (0002ms, 0738ms total)
T1A7C 001:583 JLINK_IsHalted()  returns FALSE (0002ms, 0738ms total)
T1A7C 001:587 JLINK_IsHalted()  returns FALSE (0002ms, 0738ms total)
T1A7C 001:592 JLINK_IsHalted() -- CPU_ReadMem(2 bytes @ 0x20000238)  returns TRUE (0012ms, 0748ms total)
T1A7C 001:604 JLINK_ReadMemU32(0xE000EDFC, 0x0001 Items, ...) -- Data:  00 00 00 01  returns 0x01 (0000ms, 0736ms total)
T1A7C 001:604 JLINK_WriteMem(0xE000EDFC, 0x0004 Bytes, ...) -- Data:  00 00 00 01  returns 0x04 (0000ms, 0736ms total)
T1A7C 001:604 JLINK_WriteVectorCatch(0x00000000)  returns 0x00 (0000ms, 0736ms total)
T1A7C 001:604 JLINK_WriteMem(0xE0001028, 0x0004 Bytes, ...) -- Data:  00 00 00 00  returns 0x04 (0000ms, 0736ms total)
T1A7C 001:604 JLINK_WriteMem(0xE0001038, 0x0004 Bytes, ...) -- Data:  00 00 00 00  returns 0x04 (0000ms, 0736ms total)
T1A7C 001:604 JLINK_ReadRegs(NumRegs = 1, Indexes: 15) -- R15=0x20000238  returns 0x00 (0000ms, 0736ms total)
T1A7C 001:604 JLINK_ReadMemU16(0x20000238, 0x0001 Items, ...) -- Merging existing BP[0]: 0xE7FE @ 0x20000238 -- Merging existing BP[0]: 0xE7FE @ 0x20000238 -- Data:  FE E7  returns 0x01 (0000ms, 0736ms total)
T1A7C 001:605 JLINK_ReadMemU32(0x20000994, 0x0005 Items, ...) -- CPU_ReadMem(20 bytes @ 0x20000994) -- Data:  00 10 00 00 00 00 00 00 00 00 00 00 00 03 00 20 ...  returns 0x05 (0002ms, 0739ms total)
T1A7C 001:608 JLINK_BeginDownload(Flags = 0x01) (0000ms, 0739ms total)
T1A7C 001:608 JLINK_WriteMem(0x20000300, 0x0008 Bytes, ...) -- Data:  00 16 00 00 00 02 00 00 -- CPU_WriteMem(8 bytes @ 0x20000300)  returns 0x08 (0001ms, 0740ms total)
T1A7C 001:609 JLINK_EndDownload()  returns 0x00 (0000ms, 0740ms total)
T1A7C 001:610 JLINK_BeginDownload(Flags = 0x01) (0000ms, 0740ms total)
T1A7C 001:610 JLINK_WriteMem(0x20000994, 0x0014 Bytes, ...) -- Data:  00 00 00 00 01 00 00 00 00 00 00 00 00 03 00 20 ... -- CPU_WriteMem(20 bytes @ 0x20000994)  returns 0x14 (0003ms, 0743ms total)
T1A7C 001:613 JLINK_EndDownload()  returns 0x00 (0000ms, 0743ms total)
T1A7C 001:613 JLINK_WriteReg(R15, 0x2000024C)  returns 0x00 (0000ms, 0743ms total)
T1A7C 001:613 JLINK_ReadRegs(NumRegs = 1, Indexes: 15) -- R15=0x2000024C  returns 0x00 (0000ms, 0743ms total)
T1A7C 001:613 JLINK_ReadMemU16(0x2000024C, 0x0001 Items, ...) -- CPU_ReadMem(2 bytes @ 0x2000024C) -- Data:  FF F7  returns 0x01 (0003ms, 0746ms total)
T1A7C 001:616 JLINK_WriteVectorCatch(0x00000000)  returns 0x00 (0000ms, 0746ms total)
T1A7C 001:616 JLINK_ReadMemU32(0xE000EDFC, 0x0001 Items, ...) -- Data:  00 00 00 01  returns 0x01 (0000ms, 0746ms total)
T1A7C 001:616 JLINK_WriteMem(0xE000EDFC, 0x0004 Bytes, ...) -- Data:  00 00 00 01  returns 0x04 (0000ms, 0746ms total)
T1A7C 001:616 JLINK_WriteMem(0xE0001028, 0x0004 Bytes, ...) -- Data:  00 00 00 00  returns 0x04 (0000ms, 0746ms total)
T1A7C 001:616 JLINK_WriteMem(0xE0001038, 0x0004 Bytes, ...) -- Data:  00 00 00 00  returns 0x04 (0000ms, 0746ms total)
T1A7C 001:616 JLINK_Go() -- CPU_WriteMem(4 bytes @ 0xE0001028) -- CPU_WriteMem(4 bytes @ 0xE0001038) (0010ms, 0756ms total)
T1A7C 001:628 JLINK_IsHalted()  returns FALSE (0002ms, 0758ms total)
T1A7C 001:632 JLINK_IsHalted()  returns FALSE (0002ms, 0758ms total)
T1A7C 001:636 JLINK_IsHalted()  returns FALSE (0002ms, 0758ms total)
T1A7C 001:640 JLINK_IsHalted()  returns FALSE (0002ms, 0758ms total)
T1A7C 001:644 JLINK_IsHalted()  returns FALSE (0002ms, 0758ms total)
T1A7C 001:648 JLINK_IsHalted()  returns FALSE (0002ms, 0758ms total)
T1A7C 001:651 JLINK_IsHalted() -- CPU_ReadMem(2 bytes @ 0x20000238)  returns TRUE (0012ms, 0768ms total)
T1A7C 001:664 JLINK_ReadMemU32(0xE000EDFC, 0x0001 Items, ...) -- Data:  00 00 00 01  returns 0x01 (0000ms, 0756ms total)
T1A7C 001:664 JLINK_WriteMem(0xE000EDFC, 0x0004 Bytes, ...) -- Data:  00 00 00 01  returns 0x04 (0000ms, 0756ms total)
T1A7C 001:664 JLINK_WriteVectorCatch(0x00000000)  returns 0x00 (0000ms, 0756ms total)
T1A7C 001:664 JLINK_WriteMem(0xE0001028, 0x0004 Bytes, ...) -- Data:  00 00 00 00  returns 0x04 (0000ms, 0756ms total)
T1A7C 001:664 JLINK_WriteMem(0xE0001038, 0x0004 Bytes, ...) -- Data:  00 00 00 00  returns 0x04 (0000ms, 0756ms total)
T1A7C 001:664 JLINK_ReadRegs(NumRegs = 1, Indexes: 15) -- R15=0x20000238  returns 0x00 (0000ms, 0756ms total)
T1A7C 001:664 JLINK_ReadMemU16(0x20000238, 0x0001 Items, ...) -- Merging existing BP[0]: 0xE7FE @ 0x20000238 -- Merging existing BP[0]: 0xE7FE @ 0x20000238 -- Data:  FE E7  returns 0x01 (0000ms, 0756ms total)
T1A7C 001:664 JLINK_ReadMemU32(0x20000994, 0x0005 Items, ...) -- CPU_ReadMem(20 bytes @ 0x20000994) -- Data:  00 00 00 00 00 00 00 00 00 00 00 00 00 03 00 20 ...  returns 0x05 (0003ms, 0759ms total)
T1A7C 001:667 JLINK_BeginDownload(Flags = 0x01) (0000ms, 0759ms total)
T1A7C 001:667 JLINK_WriteMem(0x20000300, 0x0118 Bytes, ...) -- Data:  49 20 6D 6F 64 65 2E 0A 00 00 00 00 20 4C 6F 73 ... -- CPU_WriteMem(280 bytes @ 0x20000300)  returns 0x118 (0010ms, 0769ms total)
T1A7C 001:678 JLINK_EndDownload()  returns 0x00 (0000ms, 0769ms total)
T1A7C 001:678 JLINK_BeginDownload(Flags = 0x01) (0000ms, 0769ms total)
T1A7C 001:678 JLINK_WriteMem(0x20000994, 0x0014 Bytes, ...) -- Data:  00 16 00 00 18 01 00 00 00 00 00 00 00 03 00 20 ... -- CPU_WriteMem(20 bytes @ 0x20000994)  returns 0x14 (0003ms, 0772ms total)
T1A7C 001:681 JLINK_EndDownload()  returns 0x00 (0000ms, 0772ms total)
T1A7C 001:681 JLINK_WriteReg(R15, 0x20000244)  returns 0x00 (0000ms, 0772ms total)
T1A7C 001:681 JLINK_ReadRegs(NumRegs = 1, Indexes: 15) -- R15=0x20000244  returns 0x00 (0000ms, 0772ms total)
T1A7C 001:681 JLINK_ReadMemU16(0x20000244, 0x0001 Items, ...) -- CPU_ReadMem(2 bytes @ 0x20000244) -- Data:  FF F7  returns 0x01 (0003ms, 0775ms total)
T1A7C 001:684 JLINK_WriteVectorCatch(0x00000000)  returns 0x00 (0000ms, 0775ms total)
T1A7C 001:684 JLINK_ReadMemU32(0xE000EDFC, 0x0001 Items, ...) -- Data:  00 00 00 01  returns 0x01 (0000ms, 0775ms total)
T1A7C 001:684 JLINK_WriteMem(0xE000EDFC, 0x0004 Bytes, ...) -- Data:  00 00 00 01  returns 0x04 (0000ms, 0775ms total)
T1A7C 001:684 JLINK_WriteMem(0xE0001028, 0x0004 Bytes, ...) -- Data:  00 00 00 00  returns 0x04 (0000ms, 0775ms total)
T1A7C 001:684 JLINK_WriteMem(0xE0001038, 0x0004 Bytes, ...) -- Data:  00 00 00 00  returns 0x04 (0000ms, 0775ms total)
T1A7C 001:684 JLINK_Go() -- CPU_WriteMem(4 bytes @ 0xE0001028) -- CPU_WriteMem(4 bytes @ 0xE0001038) (0011ms, 0786ms total)
T1A7C 001:697 JLINK_IsHalted()  returns FALSE (0002ms, 0788ms total)
T1A7C 001:701 JLINK_IsHalted()  returns FALSE (0002ms, 0788ms total)
T1A7C 001:705 JLINK_IsHalted() -- CPU_ReadMem(2 bytes @ 0x20000238)  returns TRUE (0011ms, 0797ms total)
T1A7C 001:716 JLINK_ReadMemU32(0xE000EDFC, 0x0001 Items, ...) -- Data:  00 00 00 01  returns 0x01 (0000ms, 0786ms total)
T1A7C 001:716 JLINK_WriteMem(0xE000EDFC, 0x0004 Bytes, ...) -- Data:  00 00 00 01  returns 0x04 (0000ms, 0786ms total)
T1A7C 001:717 JLINK_WriteVectorCatch(0x00000000)  returns 0x00 (0000ms, 0787ms total)
T1A7C 001:717 JLINK_WriteMem(0xE0001028, 0x0004 Bytes, ...) -- Data:  00 00 00 00  returns 0x04 (0000ms, 0787ms total)
T1A7C 001:717 JLINK_WriteMem(0xE0001038, 0x0004 Bytes, ...) -- Data:  00 00 00 00  returns 0x04 (0000ms, 0787ms total)
T1A7C 001:717 JLINK_ReadRegs(NumRegs = 1, Indexes: 15) -- R15=0x20000238  returns 0x00 (0000ms, 0787ms total)
T1A7C 001:717 JLINK_ReadMemU16(0x20000238, 0x0001 Items, ...) -- Merging existing BP[0]: 0xE7FE @ 0x20000238 -- Merging existing BP[0]: 0xE7FE @ 0x20000238 -- Data:  FE E7  returns 0x01 (0000ms, 0787ms total)
T1A7C 001:717 JLINK_ReadMemU32(0x20000994, 0x0005 Items, ...) -- CPU_ReadMem(20 bytes @ 0x20000994) -- Data:  00 16 00 00 00 00 00 00 00 00 00 00 00 03 00 20 ...  returns 0x05 (0004ms, 0791ms total)
T1A10 001:725 JLINK_ClrBPEx(BPHandle = 0x00000001)  returns 0x00 (0000ms, 0791ms total)
T1A10 001:725 JLINK_WriteVectorCatch(0x00000000)  returns 0x00 (0000ms, 0791ms total)
T1A10 001:730 JLINK_ExecCommand("SetResetType = 0", ...)  returns 0x00 (0000ms, 0791ms total)
T1A10 001:730 JLINK_ExecCommand("SetResetPulseLen = 200", ...)  returns 0xC8 (0000ms, 0791ms total)
T1A10 001:730 JLINK_SetResetDelay(0) (0000ms, 0791ms total)
T1A10 001:731 JLINK_ResetPullsRESET(ON) (0000ms, 0792ms total)
T1A10 001:731 JLINK_Reset() -- CPU_ReadMem(4 bytes @ 0x20000994) -- CPU_WriteMem(4 bytes @ 0x20000994) -- CPU_WriteMem(4 bytes @ 0xE0001028) -- CPU_WriteMem(4 bytes @ 0xE0001038) -- CPU_WriteMem(4 bytes @ 0xE000EDF0) -- CPU_WriteMem(4 bytes @ 0xE000EDFC) >0x35 TIF> -- CPU_WriteMem(4 bytes @ 0xE000ED0C) -- CPU_ReadMem(4 bytes @ 0xE000EDF0) -- CPU_ReadMem(4 bytes @ 0xE000EDF0) -- CPU_WriteMem(4 bytes @ 0xE000EDF0) -- CPU_WriteMem(4 bytes @ 0xE000EDFC) -- CPU is running -- CPU_ReadMem(4 bytes @ 0xE000EDF0)
 -- CPU_WriteMem(4 bytes @ 0xE0002000) (0052ms, 0844ms total)
T1A10 001:854 JLINK_BeginDownload(Flags = 0x03) (0000ms, 0844ms total)
T1A10 001:953 JLINK_EndDownload()  returns 0x00 (0000ms, 0844ms total)
T1A10 001:953 JLINK_IsHalted()  returns TRUE (0000ms, 0844ms total)
T1A10 001:953 JLINK_ReadMemU32(0x00000000, 0x0030 Items, ...) -- CPU_ReadMem(192 bytes @ 0x00000000) -- Data:  F8 0B 00 20 11 04 00 00 C3 0C 00 00 C3 0C 00 00 ...  returns 0x30 (0006ms, 0850ms total)
T1A10 001:959 JLINK_ReadMemU32(0x00000410, 0x04C1 Items, ...) -- CPU_ReadMem(4868 bytes @ 0x00000410) -- Data:  00 20 00 21 00 22 00 23 00 24 00 25 00 26 00 27 ...  returns 0x4C1 (0102ms, 0952ms total)
T1A10 002:078 JLINK_ExecCommand("SetResetType = 0", ...)  returns 0x00 (0000ms, 0952ms total)
T1A10 002:078 JLINK_ExecCommand("SetResetPulseLen = 200", ...)  returns 0xC8 (0000ms, 0952ms total)
T1A10 002:078 JLINK_SetResetDelay(0) (0000ms, 0952ms total)
T1A10 002:078 JLINK_ResetPullsRESET(ON) (0000ms, 0952ms total)
T1A10 002:078 JLINK_Reset() -- CPU_WriteMem(4 bytes @ 0xE000EDF0) -- CPU_WriteMem(4 bytes @ 0xE000EDFC) >0x35 TIF> -- CPU_WriteMem(4 bytes @ 0xE000ED0C) -- CPU_ReadMem(4 bytes @ 0xE000EDF0) -- CPU_ReadMem(4 bytes @ 0xE000EDF0) -- CPU_WriteMem(4 bytes @ 0xE000EDF0) -- CPU_WriteMem(4 bytes @ 0xE000EDFC) -- CPU is running -- CPU_ReadMem(4 bytes @ 0xE000EDF0) -- CPU_WriteMem(4 bytes @ 0xE0002000) (0042ms, 0994ms total)
T1A10 002:120 JLINK_IsHalted()  returns TRUE (0000ms, 0994ms total)
T1A10 002:120 JLINK_ReadMemU32(0x00000000, 0x0001 Items, ...) -- CPU_ReadMem(4 bytes @ 0x00000000) -- Data:  F8 0B 00 20  returns 0x01 (0003ms, 0997ms total)
T1A10 002:123 JLINK_ReadMemU32(0x00000004, 0x0001 Items, ...) -- CPU_ReadMem(4 bytes @ 0x00000004) -- Data:  11 04 00 00  returns 0x01 (0003ms, 1000ms total)
T1A10 002:126 JLINK_ReadRegs(NumRegs = 1, Indexes: 15) -- R15=0x410  returns 0x00 (0000ms, 1000ms total)
T1A10 002:126 JLINK_ReadRegs(NumRegs = 1, Indexes: 17) -- MSP=0x20000BF8  returns 0x00 (0000ms, 1000ms total)
T1A10 002:126 JLINK_ReadRegs(NumRegs = 1, Indexes: 18) -- PSP=0x11160018  returns 0x00 (0000ms, 1000ms total)
T1A10 002:126 JLINK_ReadRegs(NumRegs = 1, Indexes: 20) -- CFBP=0x00  returns 0x00 (0000ms, 1000ms total)
T1A10 002:126 JLINK_ReadMemU32(0xE000EDFC, 0x0001 Items, ...) -- CPU_ReadMem(4 bytes @ 0xE000EDFC) -- Data:  00 00 00 01  returns 0x01 (0003ms, 1003ms total)
T1A10 002:129 JLINK_WriteMem(0xE000EDFC, 0x0004 Bytes, ...) -- Data:  00 00 00 01  returns 0x04 (0000ms, 1003ms total)
T1A10 002:129 JLINK_ReadMemU32(0xE0001004, 0x0001 Items, ...) -- CPU_ReadMem(4 bytes @ 0xE0001004) -- Data:  00 00 00 00  returns 0x01 (0003ms, 1006ms total)
T1A10 002:132 JLINK_ReadMemU32(0xE0001004, 0x0001 Items, ...) -- Data:  00 00 00 00  returns 0x01 (0000ms, 1006ms total)
T1A10 002:132 JLINK_ReadRegs(NumRegs = 1, Indexes: 15) -- R15=0x410  returns 0x00 (0000ms, 1006ms total)
T1A10 002:133 JLINK_ReadMemU16(0x0000124A, 0x0001 Items, ...) -- CPU_ReadMem(2 bytes @ 0x0000124A) -- Data:  10 B5  returns 0x01 (0003ms, 1009ms total)
T1A10 002:137 JLINK_SetBPEx(Addr = 0x0000124A, Type = 0xFFFFFFF2)  returns 0x00000002 (0000ms, 1010ms total)
T1A10 002:137 JLINK_WriteVectorCatch(0x00000000)  returns 0x00 (0000ms, 1010ms total)
T1A10 002:255 JLINK_ReadMemU32(0x00000008, 0x0001 Items, ...) -- CPU_ReadMem(4 bytes @ 0x00000008) -- Data:  C3 0C 00 00  returns 0x01 (0002ms, 1012ms total)
T1A10 002:257 JLINK_ReadMemU32(0x0000000C, 0x0001 Items, ...) -- CPU_ReadMem(4 bytes @ 0x0000000C) -- Data:  C3 0C 00 00  returns 0x01 (0003ms, 1015ms total)
T1A10 002:260 JLINK_ReadMemU32(0x00000010, 0x0001 Items, ...) -- CPU_ReadMem(4 bytes @ 0x00000010) -- Data:  C3 0C 00 00  returns 0x01 (0002ms, 1017ms total)
T1A10 002:262 JLINK_ReadMemU32(0x00000014, 0x0001 Items, ...) -- CPU_ReadMem(4 bytes @ 0x00000014) -- Data:  C3 0C 00 00  returns 0x01 (0002ms, 1019ms total)
T1A10 002:264 JLINK_ReadMemU32(0x00000018, 0x0001 Items, ...) -- CPU_ReadMem(4 bytes @ 0x00000018) -- Data:  C3 0C 00 00  returns 0x01 (0002ms, 1021ms total)
T1A10 002:266 JLINK_ReadMemU32(0x0000002C, 0x0001 Items, ...) -- CPU_ReadMem(4 bytes @ 0x0000002C) -- Data:  C3 0C 00 00  returns 0x01 (0002ms, 1023ms total)
T1A10 002:268 JLINK_ReadMemU32(0x00000030, 0x0001 Items, ...) -- CPU_ReadMem(4 bytes @ 0x00000030) -- Data:  C3 0C 00 00  returns 0x01 (0002ms, 1025ms total)
T1A10 002:270 JLINK_ReadMemU32(0x00000038, 0x0001 Items, ...) -- CPU_ReadMem(4 bytes @ 0x00000038) -- Data:  C3 0C 00 00  returns 0x01 (0002ms, 1027ms total)
T1A10 002:272 JLINK_ReadMemU32(0x0000003C, 0x0001 Items, ...) -- CPU_ReadMem(4 bytes @ 0x0000003C) -- Data:  C3 0C 00 00  returns 0x01 (0003ms, 1030ms total)
T1A10 002:665 JLINK_ReadMemU32(0x00000310, 0x0020 Items, ...) -- CPU_ReadMem(128 bytes @ 0x00000310) -- Data:  FF FF FF FF FF FF FF FF FF FF FF FF FF FF FF FF ...  returns 0x20 (0005ms, 1035ms total)
T1A10 002:673 JLINK_ReadMemU32(0x00000390, 0x0020 Items, ...) -- CPU_ReadMem(128 bytes @ 0x00000390) -- Data:  FF FF FF FF FF FF FF FF FF FF FF FF FF FF FF FF ...  returns 0x20 (0005ms, 1040ms total)
T1A10 002:683 JLINK_ReadMemU32(0x00000410, 0x0020 Items, ...) -- CPU_ReadMem(128 bytes @ 0x00000410) -- Data:  00 20 00 21 00 22 00 23 00 24 00 25 00 26 00 27 ...  returns 0x20 (0006ms, 1046ms total)
T1A10 002:711 JLINK_ReadMemU32(0x00000490, 0x0020 Items, ...) -- CPU_ReadMem(128 bytes @ 0x00000490) -- Data:  60 43 3A 1A 00 2A EE D5 D0 43 02 00 31 32 EB E7 ...  returns 0x20 (0005ms, 1051ms total)
T1A10 002:804 JLINK_ReadMemU32(0x00000000, 0x0020 Items, ...) -- CPU_ReadMem(128 bytes @ 0x00000000) -- Data:  F8 0B 00 20 11 04 00 00 C3 0C 00 00 C3 0C 00 00 ...  returns 0x20 (0005ms, 1056ms total)
T1A10 002:815 JLINK_ReadMemU32(0x00000080, 0x0020 Items, ...) -- CPU_ReadMem(128 bytes @ 0x00000080) -- Data:  C3 0C 00 00 C3 0C 00 00 C3 0C 00 00 C3 0C 00 00 ...  returns 0x20 (0005ms, 1061ms total)
T1A7C 003:952 JLINK_ReadMemU16(0x00000410, 0x0001 Items, ...) -- CPU_ReadMem(2 bytes @ 0x00000410) -- Data:  00 20  returns 0x01 (0005ms, 1066ms total)
T1A7C 003:957 JLINK_WriteVectorCatch(0x00000000)  returns 0x00 (0000ms, 1066ms total)
T1A7C 003:957 JLINK_ReadMemU32(0xE000EDFC, 0x0001 Items, ...) -- Data:  00 00 00 01  returns 0x01 (0000ms, 1066ms total)
T1A7C 003:957 JLINK_WriteMem(0xE000EDFC, 0x0004 Bytes, ...) -- Data:  00 00 00 01  returns 0x04 (0000ms, 1066ms total)
T1A7C 003:957 JLINK_WriteMem(0xE0001028, 0x0004 Bytes, ...) -- Data:  00 00 00 00  returns 0x04 (0000ms, 1066ms total)
T1A7C 003:958 JLINK_WriteMem(0xE0001038, 0x0004 Bytes, ...) -- Data:  00 00 00 00  returns 0x04 (0000ms, 1066ms total)
T1A7C 003:958 JLINK_Go() -- CPU_ReadMem(2 bytes @ 0x20000238) -- CPU_WriteMem(2 bytes @ 0x20000238) -- CPU_WriteMem(4 bytes @ 0xE0001028) -- CPU_WriteMem(4 bytes @ 0xE0001038) -- CPU_WriteMem(4 bytes @ 0xE0002008) -- CPU_WriteMem(4 bytes @ 0xE000200C) (0022ms, 1088ms total)
T1A7C 003:983 JLINK_IsHalted()  returns FALSE (0001ms, 1089ms total)
T1A7C 003:986 JLINK_IsHalted()  returns FALSE (0002ms, 1090ms total)
T1A7C 003:990 JLINK_IsHalted()  returns FALSE (0002ms, 1090ms total)
T1A7C 003:994 JLINK_IsHalted()  returns FALSE (0002ms, 1090ms total)
T1A7C 003:998 JLINK_IsHalted()  returns FALSE (0003ms, 1091ms total)
T1A7C 004:003 JLINK_IsHalted()  returns FALSE (0002ms, 1090ms total)
T1A7C 004:007 JLINK_IsHalted()  returns FALSE (0002ms, 1090ms total)
T1A7C 004:011 JLINK_IsHalted()  returns FALSE (0003ms, 1091ms total)
T1A7C 004:016 JLINK_IsHalted()  returns FALSE (0002ms, 1090ms total)
T1A7C 004:020 JLINK_IsHalted()  returns FALSE (0002ms, 1090ms total)
T1A7C 004:024 JLINK_IsHalted()  returns FALSE (0001ms, 1089ms total)
T1A7C 004:027 JLINK_IsHalted()  returns FALSE (0006ms, 1094ms total)
T1A7C 004:035 JLINK_IsHalted()  returns TRUE (0012ms, 1100ms total)
T1A7C 004:047 JLINK_ReadMemU32(0xE000EDFC, 0x0001 Items, ...) -- Data:  00 00 00 01  returns 0x01 (0000ms, 1088ms total)
T1A7C 004:047 JLINK_WriteMem(0xE000EDFC, 0x0004 Bytes, ...) -- Data:  00 00 00 01  returns 0x04 (0000ms, 1088ms total)
T1A7C 004:047 JLINK_WriteVectorCatch(0x00000000)  returns 0x00 (0000ms, 1088ms total)
T1A7C 004:047 JLINK_WriteMem(0xE0001028, 0x0004 Bytes, ...) -- Data:  00 00 00 00  returns 0x04 (0000ms, 1088ms total)
T1A7C 004:047 JLINK_WriteMem(0xE0001038, 0x0004 Bytes, ...) -- Data:  00 00 00 00  returns 0x04 (0000ms, 1088ms total)
T1A7C 004:047 JLINK_ReadRegs(NumRegs = 1, Indexes: 15) -- R15=0x124A  returns 0x00 (0000ms, 1088ms total)
T1A7C 004:047 JLINK_ReadMemU16(0x0000124A, 0x0001 Items, ...) -- CPU_ReadMem(2 bytes @ 0x0000124A) -- Data:  10 B5  returns 0x01 (0003ms, 1091ms total)
T1A7C 004:050 JLINK_ClrBPEx(BPHandle = 0x00000002)  returns 0x00 (0000ms, 1091ms total)
T1A7C 004:050 JLINK_WriteVectorCatch(0x00000000)  returns 0x00 (0000ms, 1091ms total)
T1A7C 004:050 JLINK_ReadMemU16(0x0000124A, 0x0001 Items, ...) -- CPU_ReadMem(2 bytes @ 0x0000124A) -- Data:  10 B5  returns 0x01 (0003ms, 1094ms total)
T1A7C 004:053 JLINK_WriteVectorCatch(0x00000000)  returns 0x00 (0000ms, 1094ms total)
T1A7C 004:053 JLINK_ReadMemU32(0xE000EDFC, 0x0001 Items, ...) -- Data:  00 00 00 01  returns 0x01 (0000ms, 1094ms total)
T1A7C 004:053 JLINK_WriteMem(0xE000EDFC, 0x0004 Bytes, ...) -- Data:  00 00 00 01  returns 0x04 (0000ms, 1094ms total)
T1A7C 004:053 JLINK_WriteMem(0xE0001028, 0x0004 Bytes, ...) -- Data:  00 00 00 00  returns 0x04 (0000ms, 1094ms total)
T1A7C 004:054 JLINK_WriteMem(0xE0001038, 0x0004 Bytes, ...) -- Data:  00 00 00 00  returns 0x04 (0000ms, 1094ms total)
T1A7C 004:054 JLINK_Go() -- CPU_WriteMem(4 bytes @ 0xE0001028) -- CPU_WriteMem(4 bytes @ 0xE0001038) -- CPU_WriteMem(4 bytes @ 0xE0002008) (0009ms, 1103ms total)
T1A7C 004:065 JLINK_IsHalted()  returns FALSE (0002ms, 1105ms total)
T1A7C 004:068 JLINK_IsHalted()  returns FALSE (0003ms, 1106ms total)
T1A7C 004:073 JLINK_IsHalted()  returns FALSE (0002ms, 1105ms total)
T1A7C 004:077 JLINK_IsHalted()  returns FALSE (0002ms, 1105ms total)
T1A7C 004:081 JLINK_IsHalted()  returns FALSE (0001ms, 1104ms total)
T1A7C 004:084 JLINK_IsHalted()  returns FALSE (0001ms, 1104ms total)
T1A7C 004:087 JLINK_IsHalted()  returns FALSE (0001ms, 1104ms total)
T1A7C 004:090 JLINK_IsHalted()  returns FALSE (0001ms, 1104ms total)
T1A7C 004:093 JLINK_IsHalted()  returns FALSE (0003ms, 1106ms total)
T1A7C 004:098 JLINK_IsHalted()  returns FALSE (0001ms, 1104ms total)
T1A7C 004:101 JLINK_IsHalted()  returns FALSE (0001ms, 1104ms total)
T1A7C 004:104 JLINK_IsHalted()  returns FALSE (0001ms, 1104ms total)
T1A7C 004:107 JLINK_IsHalted()  returns FALSE (0002ms, 1105ms total)
T1A7C 004:110 JLINK_IsHalted()  returns FALSE (0002ms, 1105ms total)
T1A7C 004:114 JLINK_IsHalted()  returns FALSE (0001ms, 1104ms total)
T1A7C 004:117 JLINK_IsHalted()  returns FALSE (0002ms, 1105ms total)
T1A7C 004:121 JLINK_IsHalted()  returns FALSE (0001ms, 1104ms total)
T1A7C 004:124 JLINK_IsHalted()  returns FALSE (0002ms, 1105ms total)
T1A7C 004:128 JLINK_IsHalted()  returns FALSE (0001ms, 1104ms total)
T1A7C 004:132 JLINK_IsHalted()  returns FALSE (0001ms, 1104ms total)
T1A7C 004:135 JLINK_IsHalted()  returns FALSE (0001ms, 1104ms total)
T1A7C 004:139 JLINK_IsHalted()  returns FALSE (0001ms, 1104ms total)
T1A7C 004:142 JLINK_IsHalted()  returns FALSE (0002ms, 1105ms total)
T1A7C 004:146 JLINK_IsHalted()  returns FALSE (0002ms, 1105ms total)
T1A7C 004:150 JLINK_IsHalted()  returns FALSE (0000ms, 1103ms total)
T1A7C 004:152 JLINK_IsHalted()  returns FALSE (0001ms, 1104ms total)
T1A7C 004:155 JLINK_IsHalted()  returns FALSE (0001ms, 1104ms total)
T1A7C 004:158 JLINK_IsHalted()  returns FALSE (0002ms, 1105ms total)
T1A7C 004:162 JLINK_IsHalted()  returns FALSE (0002ms, 1105ms total)
T1A7C 004:166 JLINK_IsHalted()  returns FALSE (0002ms, 1105ms total)
T1A7C 004:170 JLINK_IsHalted()  returns FALSE (0001ms, 1104ms total)
T1A7C 004:173 JLINK_IsHalted()  returns FALSE (0002ms, 1105ms total)
T1A7C 004:177 JLINK_IsHalted()  returns FALSE (0001ms, 1104ms total)
T1A7C 004:180 JLINK_IsHalted()  returns FALSE (0002ms, 1105ms total)
T1A7C 004:184 JLINK_IsHalted()  returns FALSE (0001ms, 1104ms total)
T1A7C 004:187 JLINK_IsHalted()  returns FALSE (0001ms, 1104ms total)
T1A7C 004:190 JLINK_IsHalted()  returns FALSE (0001ms, 1104ms total)
T1A7C 004:192 JLINK_IsHalted()  returns FALSE (0001ms, 1104ms total)
T1A7C 004:195 JLINK_IsHalted()  returns FALSE (0001ms, 1104ms total)
T1A7C 004:198 JLINK_IsHalted()  returns FALSE (0001ms, 1104ms total)
T1A7C 004:201 JLINK_IsHalted()  returns FALSE (0001ms, 1104ms total)
T1A7C 004:204 JLINK_IsHalted()  returns FALSE (0001ms, 1104ms total)
T1A7C 004:207 JLINK_IsHalted()  returns FALSE (0001ms, 1104ms total)
T1A7C 004:210 JLINK_IsHalted()  returns FALSE (0001ms, 1104ms total)
T1A7C 004:213 JLINK_IsHalted()  returns FALSE (0001ms, 1104ms total)
T1A7C 004:216 JLINK_IsHalted()  returns FALSE (0001ms, 1104ms total)
T1A7C 004:219 JLINK_IsHalted()  returns FALSE (0001ms, 1104ms total)
T1A7C 004:222 JLINK_IsHalted()  returns FALSE (0002ms, 1105ms total)
T1A7C 004:226 JLINK_IsHalted()  returns FALSE (0001ms, 1104ms total)
T1A7C 004:229 JLINK_IsHalted()  returns FALSE (0001ms, 1104ms total)
T1A7C 004:232 JLINK_IsHalted()  returns FALSE (0001ms, 1104ms total)
T1A7C 004:234 JLINK_IsHalted()  returns FALSE (0001ms, 1104ms total)
T1A7C 004:237 JLINK_IsHalted()  returns FALSE (0002ms, 1105ms total)
T1A7C 004:241 JLINK_IsHalted()  returns FALSE (0001ms, 1104ms total)
T1A7C 004:244 JLINK_IsHalted()  returns FALSE (0001ms, 1104ms total)
T1A7C 004:247 JLINK_IsHalted()  returns FALSE (0001ms, 1104ms total)
T1A7C 004:250 JLINK_IsHalted()  returns FALSE (0001ms, 1104ms total)
T1A7C 004:253 JLINK_IsHalted()  returns FALSE (0001ms, 1104ms total)
T1A7C 004:256 JLINK_IsHalted()  returns FALSE (0002ms, 1105ms total)
T1A7C 004:260 JLINK_IsHalted()  returns FALSE (0001ms, 1104ms total)
T1A7C 004:263 JLINK_IsHalted()  returns FALSE (0001ms, 1104ms total)
T1A7C 004:266 JLINK_IsHalted()  returns FALSE (0001ms, 1104ms total)
T1A7C 004:269 JLINK_IsHalted()  returns FALSE (0001ms, 1104ms total)
T1A7C 004:272 JLINK_IsHalted()  returns FALSE (0001ms, 1104ms total)
T1A7C 004:275 JLINK_IsHalted()  returns FALSE (0000ms, 1103ms total)
T1A7C 004:277 JLINK_IsHalted()  returns FALSE (0001ms, 1104ms total)
T1A7C 004:280 JLINK_IsHalted()  returns FALSE (0001ms, 1104ms total)
T1A7C 004:283 JLINK_IsHalted()  returns FALSE (0002ms, 1105ms total)
T1A7C 004:287 JLINK_IsHalted()  returns FALSE (0001ms, 1104ms total)
T1A7C 004:290 JLINK_IsHalted()  returns FALSE (0002ms, 1105ms total)
T1A7C 004:294 JLINK_IsHalted()  returns FALSE (0002ms, 1105ms total)
T1A7C 004:298 JLINK_IsHalted()  returns FALSE (0001ms, 1104ms total)
T1A7C 004:301 JLINK_IsHalted()  returns FALSE (0001ms, 1104ms total)
T1A7C 004:305 JLINK_IsHalted()  returns FALSE (0002ms, 1105ms total)
T1A7C 004:309 JLINK_IsHalted()  returns FALSE (0002ms, 1105ms total)
T1A7C 004:313 JLINK_IsHalted()  returns FALSE (0002ms, 1105ms total)
T1A7C 004:317 JLINK_IsHalted()  returns FALSE (0000ms, 1103ms total)
T1A7C 004:319 JLINK_IsHalted()  returns FALSE (0002ms, 1105ms total)
T1A7C 004:323 JLINK_IsHalted()  returns FALSE (0002ms, 1105ms total)
T1A7C 004:327 JLINK_IsHalted()  returns FALSE (0001ms, 1104ms total)
T1A7C 004:330 JLINK_IsHalted()  returns FALSE (0002ms, 1105ms total)
T1A7C 004:334 JLINK_IsHalted()  returns FALSE (0001ms, 1104ms total)
T1A7C 004:337 JLINK_IsHalted()  returns FALSE (0001ms, 1104ms total)
T1A7C 004:340 JLINK_IsHalted()  returns FALSE (0002ms, 1105ms total)
T1A7C 004:344 JLINK_IsHalted()  returns FALSE (0002ms, 1105ms total)
T1A7C 004:348 JLINK_IsHalted()  returns FALSE (0002ms, 1105ms total)
T1A7C 004:352 JLINK_IsHalted()  returns FALSE (0002ms, 1105ms total)
T1A7C 004:356 JLINK_IsHalted()  returns FALSE (0002ms, 1105ms total)
T1A7C 004:359 JLINK_IsHalted()  returns FALSE (0002ms, 1105ms total)
T1A7C 004:363 JLINK_IsHalted()  returns FALSE (0002ms, 1105ms total)
T1A7C 004:367 JLINK_IsHalted()  returns FALSE (0002ms, 1105ms total)
T1A7C 004:371 JLINK_IsHalted()  returns FALSE (0002ms, 1105ms total)
T1A7C 004:375 JLINK_IsHalted()  returns FALSE (0002ms, 1105ms total)
T1A7C 004:379 JLINK_IsHalted()  returns FALSE (0001ms, 1104ms total)
T1A7C 004:383 JLINK_IsHalted()  returns FALSE (0002ms, 1105ms total)
T1A7C 004:387 JLINK_IsHalted()  returns FALSE (0002ms, 1105ms total)
T1A7C 004:391 JLINK_IsHalted()  returns FALSE (0002ms, 1105ms total)
T1A7C 004:395 JLINK_IsHalted()  returns FALSE (0001ms, 1104ms total)
T1A7C 004:398 JLINK_IsHalted()  returns FALSE (0002ms, 1105ms total)
T1A7C 004:401 JLINK_IsHalted()  returns FALSE (0002ms, 1105ms total)
T1A7C 004:405 JLINK_IsHalted()  returns FALSE (0002ms, 1105ms total)
T1A7C 004:409 JLINK_IsHalted()  returns FALSE (0002ms, 1105ms total)
T1A7C 004:413 JLINK_IsHalted()  returns FALSE (0001ms, 1104ms total)
T1A7C 004:416 JLINK_IsHalted()  returns FALSE (0001ms, 1104ms total)
T1A7C 004:419 JLINK_IsHalted()  returns FALSE (0001ms, 1104ms total)
T1A7C 004:422 JLINK_IsHalted()  returns FALSE (0002ms, 1105ms total)
T1A7C 004:426 JLINK_IsHalted()  returns FALSE (0001ms, 1104ms total)
T1A7C 004:430 JLINK_IsHalted()  returns FALSE (0002ms, 1105ms total)
T1A7C 004:434 JLINK_IsHalted()  returns FALSE (0002ms, 1105ms total)
T1A7C 004:438 JLINK_IsHalted()  returns FALSE (0002ms, 1105ms total)
T1A7C 004:442 JLINK_IsHalted()  returns FALSE (0001ms, 1104ms total)
T1A7C 004:445 JLINK_IsHalted()  returns FALSE (0002ms, 1105ms total)
T1A7C 004:449 JLINK_IsHalted()  returns FALSE (0002ms, 1105ms total)
T1A7C 004:453 JLINK_IsHalted()  returns FALSE (0001ms, 1104ms total)
T1A7C 004:456 JLINK_IsHalted()  returns FALSE (0002ms, 1105ms total)
T1A7C 004:460 JLINK_IsHalted()  returns FALSE (0001ms, 1104ms total)
T1A7C 004:463 JLINK_IsHalted()  returns FALSE (0002ms, 1105ms total)
T1A7C 004:467 JLINK_IsHalted()  returns FALSE (0002ms, 1105ms total)
T1A7C 004:471 JLINK_IsHalted()  returns FALSE (0002ms, 1105ms total)
T1A7C 004:475 JLINK_IsHalted()  returns FALSE (0002ms, 1105ms total)
T1A7C 004:479 JLINK_IsHalted()  returns FALSE (0001ms, 1104ms total)
T1A7C 004:482 JLINK_IsHalted()  returns FALSE (0002ms, 1105ms total)
T1A7C 004:485 JLINK_IsHalted()  returns FALSE (0001ms, 1104ms total)
T1A7C 004:488 JLINK_IsHalted()  returns FALSE (0002ms, 1105ms total)
T1A7C 004:492 JLINK_IsHalted()  returns FALSE (0002ms, 1105ms total)
T1A7C 004:496 JLINK_IsHalted()  returns FALSE (0002ms, 1105ms total)
T1A7C 004:500 JLINK_IsHalted()  returns FALSE (0002ms, 1105ms total)
T1A7C 004:504 JLINK_IsHalted()  returns FALSE (0002ms, 1105ms total)
T1A7C 004:508 JLINK_IsHalted()  returns FALSE (0002ms, 1105ms total)
T1A7C 004:512 JLINK_IsHalted()  returns FALSE (0002ms, 1105ms total)
T1A7C 004:516 JLINK_IsHalted()  returns FALSE (0002ms, 1105ms total)
T1A7C 004:520 JLINK_IsHalted()  returns FALSE (0002ms, 1105ms total)
T1A7C 004:524 JLINK_IsHalted()  returns FALSE (0001ms, 1104ms total)
T1A7C 004:527 JLINK_IsHalted()  returns FALSE (0001ms, 1104ms total)
T1A7C 004:530 JLINK_IsHalted()  returns FALSE (0002ms, 1105ms total)
T1A7C 004:534 JLINK_IsHalted()  returns FALSE (0002ms, 1105ms total)
T1A7C 004:538 JLINK_IsHalted()  returns FALSE (0001ms, 1104ms total)
T1A7C 004:541 JLINK_IsHalted()  returns FALSE (0002ms, 1105ms total)
T1A7C 004:545 JLINK_IsHalted()  returns FALSE (0001ms, 1104ms total)
T1A7C 004:548 JLINK_IsHalted()  returns FALSE (0002ms, 1105ms total)
T1A7C 004:552 JLINK_IsHalted()  returns FALSE (0001ms, 1104ms total)
T1A7C 004:555 JLINK_IsHalted()  returns FALSE (0002ms, 1105ms total)
T1A7C 004:559 JLINK_IsHalted()  returns FALSE (0002ms, 1105ms total)
T1A7C 004:563 JLINK_IsHalted()  returns FALSE (0002ms, 1105ms total)
T1A7C 004:567 JLINK_IsHalted()  returns FALSE (0001ms, 1104ms total)
T1A7C 004:570 JLINK_IsHalted()  returns FALSE (0001ms, 1104ms total)
T1A7C 004:573 JLINK_IsHalted()  returns FALSE (0002ms, 1105ms total)
T1A7C 004:577 JLINK_IsHalted()  returns FALSE (0001ms, 1104ms total)
T1A7C 004:580 JLINK_IsHalted()  returns FALSE (0001ms, 1104ms total)
T1A7C 004:584 JLINK_IsHalted()  returns FALSE (0002ms, 1105ms total)
T1A7C 004:588 JLINK_IsHalted()  returns FALSE (0002ms, 1105ms total)
T1A7C 004:592 JLINK_IsHalted()  returns FALSE (0002ms, 1105ms total)
T1A7C 004:596 JLINK_IsHalted()  returns FALSE (0002ms, 1105ms total)
T1A7C 004:600 JLINK_IsHalted()  returns FALSE (0002ms, 1105ms total)
T1A7C 004:604 JLINK_IsHalted()  returns FALSE (0003ms, 1106ms total)
T1A7C 004:609 JLINK_IsHalted()  returns FALSE (0001ms, 1104ms total)
T1A7C 004:612 JLINK_IsHalted()  returns FALSE (0001ms, 1104ms total)
T1A7C 004:615 JLINK_IsHalted()  returns FALSE (0002ms, 1105ms total)
T1A7C 004:619 JLINK_IsHalted()  returns FALSE (0002ms, 1105ms total)
T1A7C 004:623 JLINK_IsHalted()  returns FALSE (0001ms, 1104ms total)
T1A7C 004:627 JLINK_IsHalted()  returns FALSE (0002ms, 1105ms total)
T1A7C 004:631 JLINK_IsHalted()  returns FALSE (0001ms, 1104ms total)
T1A7C 004:634 JLINK_IsHalted()  returns FALSE (0001ms, 1104ms total)
T1A7C 004:638 JLINK_IsHalted()  returns FALSE (0002ms, 1105ms total)
T1A7C 004:642 JLINK_IsHalted()  returns FALSE (0002ms, 1105ms total)
T1A7C 004:646 JLINK_IsHalted()  returns FALSE (0002ms, 1105ms total)
T1A7C 004:650 JLINK_IsHalted()  returns FALSE (0001ms, 1104ms total)
T1A7C 004:653 JLINK_IsHalted()  returns FALSE (0002ms, 1105ms total)
T1A7C 004:657 JLINK_IsHalted()  returns FALSE (0002ms, 1105ms total)
T1A7C 004:661 JLINK_IsHalted()  returns FALSE (0002ms, 1105ms total)
T1A7C 004:665 JLINK_IsHalted()  returns FALSE (0001ms, 1104ms total)
T1A7C 004:669 JLINK_IsHalted()  returns FALSE (0002ms, 1105ms total)
T1A7C 004:673 JLINK_IsHalted()  returns FALSE (0001ms, 1104ms total)
T1A7C 004:676 JLINK_IsHalted()  returns FALSE (0002ms, 1105ms total)
T1A7C 004:680 JLINK_IsHalted()  returns FALSE (0001ms, 1104ms total)
T1A7C 004:683 JLINK_IsHalted()  returns FALSE (0002ms, 1105ms total)
T1A7C 004:687 JLINK_IsHalted()  returns FALSE (0002ms, 1105ms total)
T1A7C 004:691 JLINK_IsHalted()  returns FALSE (0001ms, 1104ms total)
T1A7C 004:694 JLINK_IsHalted()  returns FALSE (0002ms, 1105ms total)
T1A7C 004:698 JLINK_IsHalted()  returns FALSE (0002ms, 1105ms total)
T1A7C 004:702 JLINK_IsHalted()  returns FALSE (0002ms, 1105ms total)
T1A7C 004:706 JLINK_IsHalted()  returns FALSE (0002ms, 1105ms total)
T1A7C 004:710 JLINK_IsHalted()  returns FALSE (0002ms, 1105ms total)
T1A7C 004:714 JLINK_IsHalted()  returns FALSE (0002ms, 1105ms total)
T1A7C 004:718 JLINK_IsHalted()  returns FALSE (0002ms, 1105ms total)
T1A7C 004:722 JLINK_IsHalted()  returns FALSE (0002ms, 1105ms total)
T1A7C 004:726 JLINK_IsHalted()  returns FALSE (0002ms, 1105ms total)
T1A7C 004:730 JLINK_IsHalted()  returns FALSE (0002ms, 1105ms total)
T1A7C 004:734 JLINK_IsHalted()  returns FALSE (0001ms, 1104ms total)
T1A7C 004:737 JLINK_IsHalted()  returns FALSE (0002ms, 1105ms total)
T1A7C 004:741 JLINK_IsHalted()  returns FALSE (0002ms, 1105ms total)
T1A7C 004:745 JLINK_IsHalted()  returns FALSE (0002ms, 1105ms total)
T1A7C 004:749 JLINK_IsHalted()  returns FALSE (0002ms, 1105ms total)
T1A7C 004:753 JLINK_IsHalted()  returns FALSE (0002ms, 1105ms total)
T1A7C 004:757 JLINK_IsHalted()  returns FALSE (0002ms, 1105ms total)
T1A7C 004:761 JLINK_IsHalted()  returns FALSE (0002ms, 1105ms total)
T1A7C 004:765 JLINK_IsHalted()  returns FALSE (0002ms, 1105ms total)
T1A7C 004:769 JLINK_IsHalted()  returns FALSE (0002ms, 1105ms total)
T1A7C 004:773 JLINK_IsHalted()  returns FALSE (0002ms, 1105ms total)
T1A7C 004:776 JLINK_IsHalted()  returns FALSE (0002ms, 1105ms total)
T1A7C 004:780 JLINK_IsHalted()  returns FALSE (0002ms, 1105ms total)
T1A7C 004:784 JLINK_IsHalted()  returns FALSE (0002ms, 1105ms total)
T1A7C 004:788 JLINK_IsHalted()  returns FALSE (0002ms, 1105ms total)
T1A7C 004:792 JLINK_IsHalted()  returns FALSE (0002ms, 1105ms total)
T1A7C 004:796 JLINK_IsHalted()  returns FALSE (0002ms, 1105ms total)
T1A7C 004:800 JLINK_IsHalted()  returns FALSE (0002ms, 1105ms total)
T1A7C 004:804 JLINK_IsHalted()  returns FALSE (0002ms, 1105ms total)
T1A7C 004:808 JLINK_IsHalted()  returns FALSE (0002ms, 1105ms total)
T1A7C 004:812 JLINK_IsHalted()  returns FALSE (0002ms, 1105ms total)
T1A7C 004:816 JLINK_IsHalted()  returns FALSE (0001ms, 1104ms total)
T1A7C 004:819 JLINK_IsHalted()  returns FALSE (0003ms, 1106ms total)
T1A7C 004:824 JLINK_IsHalted()  returns FALSE (0002ms, 1105ms total)
T1A7C 004:828 JLINK_IsHalted()  returns FALSE (0002ms, 1105ms total)
T1A7C 004:832 JLINK_IsHalted()  returns FALSE (0002ms, 1105ms total)
T1A7C 004:837 JLINK_IsHalted()  returns FALSE (0002ms, 1105ms total)
T1A7C 004:841 JLINK_IsHalted()  returns FALSE (0003ms, 1106ms total)
T1A7C 004:846 JLINK_IsHalted()  returns FALSE (0001ms, 1104ms total)
T1A7C 004:849 JLINK_IsHalted()  returns FALSE (0002ms, 1105ms total)
T1A7C 004:853 JLINK_IsHalted()  returns FALSE (0002ms, 1105ms total)
T1A7C 004:857 JLINK_IsHalted()  returns FALSE (0002ms, 1105ms total)
T1A7C 004:860 JLINK_IsHalted()  returns FALSE (0002ms, 1105ms total)
T1A7C 004:864 JLINK_IsHalted()  returns FALSE (0002ms, 1105ms total)
T1A7C 004:868 JLINK_IsHalted()  returns FALSE (0002ms, 1105ms total)
T1A7C 004:872 JLINK_IsHalted()  returns FALSE (0002ms, 1105ms total)
T1A7C 004:876 JLINK_IsHalted()  returns FALSE (0001ms, 1104ms total)
T1A7C 004:879 JLINK_IsHalted()  returns FALSE (0001ms, 1104ms total)
T1A7C 004:882 JLINK_IsHalted()  returns FALSE (0001ms, 1104ms total)
T1A7C 004:885 JLINK_IsHalted()  returns FALSE (0001ms, 1104ms total)
T1A7C 004:888 JLINK_IsHalted()  returns FALSE (0002ms, 1105ms total)
T1A7C 004:892 JLINK_IsHalted()  returns FALSE (0002ms, 1105ms total)
T1A7C 004:896 JLINK_IsHalted()  returns FALSE (0002ms, 1105ms total)
T1A7C 004:900 JLINK_IsHalted()  returns FALSE (0001ms, 1104ms total)
T1A7C 004:903 JLINK_IsHalted()  returns FALSE (0002ms, 1105ms total)
T1A7C 004:907 JLINK_IsHalted()  returns FALSE (0001ms, 1104ms total)
T1A7C 004:910 JLINK_IsHalted()  returns FALSE (0001ms, 1104ms total)
T1A7C 004:913 JLINK_IsHalted()  returns FALSE (0001ms, 1104ms total)
T1A7C 004:916 JLINK_IsHalted()  returns FALSE (0002ms, 1105ms total)
T1A7C 004:920 JLINK_IsHalted()  returns FALSE (0002ms, 1105ms total)
T1A7C 004:924 JLINK_IsHalted()  returns FALSE (0002ms, 1105ms total)
T1A7C 004:928 JLINK_IsHalted()  returns FALSE (0002ms, 1105ms total)
T1A7C 004:932 JLINK_IsHalted()  returns FALSE (0002ms, 1105ms total)
T1A7C 004:936 JLINK_IsHalted()  returns FALSE (0002ms, 1105ms total)
T1A7C 004:940 JLINK_IsHalted()  returns FALSE (0002ms, 1105ms total)
T1A7C 004:944 JLINK_IsHalted()  returns FALSE (0001ms, 1104ms total)
T1A7C 004:947 JLINK_IsHalted()  returns FALSE (0002ms, 1105ms total)
T1A7C 004:951 JLINK_IsHalted()  returns FALSE (0001ms, 1104ms total)
T1A7C 004:954 JLINK_IsHalted()  returns FALSE (0004ms, 1107ms total)
T1A7C 004:960 JLINK_IsHalted()  returns FALSE (0002ms, 1105ms total)
T1A7C 004:964 JLINK_IsHalted()  returns FALSE (0001ms, 1104ms total)
T1A7C 004:967 JLINK_IsHalted()  returns FALSE (0001ms, 1104ms total)
T1A7C 004:970 JLINK_IsHalted()  returns FALSE (0002ms, 1105ms total)
T1A7C 004:974 JLINK_IsHalted()  returns FALSE (0002ms, 1105ms total)
T1A7C 004:978 JLINK_IsHalted()  returns FALSE (0002ms, 1105ms total)
T1A7C 004:982 JLINK_IsHalted()  returns FALSE (0002ms, 1105ms total)
T1A7C 004:985 JLINK_IsHalted()  returns FALSE (0002ms, 1105ms total)
T1A7C 004:989 JLINK_IsHalted()  returns FALSE (0002ms, 1105ms total)
T1A7C 004:993 JLINK_IsHalted()  returns FALSE (0002ms, 1105ms total)
T1A7C 004:997 JLINK_IsHalted()  returns FALSE (0002ms, 1105ms total)
T1A7C 005:001 JLINK_IsHalted()  returns FALSE (0002ms, 1105ms total)
T1A7C 005:005 JLINK_IsHalted()  returns FALSE (0002ms, 1105ms total)
T1A7C 005:009 JLINK_IsHalted()  returns FALSE (0002ms, 1105ms total)
T1A7C 005:013 JLINK_IsHalted()  returns FALSE (0002ms, 1105ms total)
T1A7C 005:017 JLINK_IsHalted()  returns FALSE (0001ms, 1104ms total)
T1A7C 005:020 JLINK_IsHalted()  returns FALSE (0002ms, 1105ms total)
T1A7C 005:024 JLINK_IsHalted()  returns FALSE (0001ms, 1104ms total)
T1A7C 005:027 JLINK_IsHalted()  returns FALSE (0002ms, 1105ms total)
T1A7C 005:031 JLINK_IsHalted()  returns FALSE (0002ms, 1105ms total)
T1A7C 005:035 JLINK_IsHalted()  returns FALSE (0002ms, 1105ms total)
T1A7C 005:039 JLINK_IsHalted()  returns FALSE (0002ms, 1105ms total)
T1A7C 005:043 JLINK_IsHalted()  returns FALSE (0002ms, 1105ms total)
T1A7C 005:047 JLINK_IsHalted()  returns FALSE (0002ms, 1105ms total)
T1A7C 005:051 JLINK_IsHalted()  returns FALSE (0002ms, 1105ms total)
T1A7C 005:055 JLINK_IsHalted()  returns FALSE (0001ms, 1104ms total)
T1A7C 005:059 JLINK_IsHalted()  returns FALSE (0002ms, 1105ms total)
T1A7C 005:063 JLINK_IsHalted()  returns FALSE (0002ms, 1105ms total)
T1A7C 005:067 JLINK_IsHalted()  returns FALSE (0001ms, 1104ms total)
T1A7C 005:070 JLINK_IsHalted()  returns FALSE (0002ms, 1105ms total)
T1A7C 005:074 JLINK_IsHalted()  returns FALSE (0002ms, 1105ms total)
T1A7C 005:078 JLINK_IsHalted()  returns FALSE (0002ms, 1105ms total)
T1A7C 005:082 JLINK_IsHalted()  returns FALSE (0002ms, 1105ms total)
T1A7C 005:086 JLINK_IsHalted()  returns FALSE (0002ms, 1105ms total)
T1A7C 005:090 JLINK_IsHalted()  returns FALSE (0002ms, 1105ms total)
T1A7C 005:094 JLINK_IsHalted()  returns FALSE (0001ms, 1104ms total)
T1A7C 005:097 JLINK_IsHalted()  returns FALSE (0001ms, 1104ms total)
T1A7C 005:100 JLINK_IsHalted()  returns FALSE (0002ms, 1105ms total)
T1A7C 005:104 JLINK_IsHalted()  returns FALSE (0001ms, 1104ms total)
T1A7C 005:108 JLINK_IsHalted()  returns FALSE (0001ms, 1104ms total)
T1A7C 005:110 JLINK_IsHalted()  returns FALSE (0002ms, 1105ms total)
T1A7C 005:114 JLINK_IsHalted()  returns FALSE (0002ms, 1105ms total)
T1A7C 005:118 JLINK_IsHalted()  returns FALSE (0002ms, 1105ms total)
T1A7C 005:122 JLINK_IsHalted()  returns FALSE (0002ms, 1105ms total)
T1A7C 005:126 JLINK_IsHalted()  returns FALSE (0002ms, 1105ms total)
T1A7C 005:130 JLINK_IsHalted()  returns FALSE (0001ms, 1104ms total)
T1A7C 005:133 JLINK_IsHalted()  returns FALSE (0001ms, 1104ms total)
T1A7C 005:136 JLINK_IsHalted()  returns FALSE (0002ms, 1105ms total)
T1A7C 005:140 JLINK_IsHalted()  returns FALSE (0001ms, 1104ms total)
T1A7C 005:143 JLINK_IsHalted()  returns FALSE (0002ms, 1105ms total)
T1A7C 005:147 JLINK_IsHalted()  returns FALSE (0002ms, 1105ms total)
T1A7C 005:150 JLINK_IsHalted()  returns FALSE (0002ms, 1105ms total)
T1A7C 005:154 JLINK_IsHalted()  returns FALSE (0002ms, 1105ms total)
T1A7C 005:158 JLINK_IsHalted()  returns FALSE (0002ms, 1105ms total)
T1A7C 005:162 JLINK_IsHalted()  returns FALSE (0002ms, 1105ms total)
T1A7C 005:166 JLINK_IsHalted()  returns FALSE (0001ms, 1104ms total)
T1A7C 005:170 JLINK_IsHalted()  returns FALSE (0001ms, 1104ms total)
T1A7C 005:174 JLINK_IsHalted()  returns FALSE (0001ms, 1104ms total)
T1A7C 005:177 JLINK_IsHalted()  returns FALSE (0002ms, 1105ms total)
T1A7C 005:181 JLINK_IsHalted()  returns FALSE (0002ms, 1105ms total)
T1A7C 005:185 JLINK_IsHalted()  returns FALSE (0002ms, 1105ms total)
T1A7C 005:189 JLINK_IsHalted()  returns FALSE (0002ms, 1105ms total)
T1A7C 005:192 JLINK_IsHalted()  returns FALSE (0002ms, 1105ms total)
T1A7C 005:196 JLINK_IsHalted()  returns FALSE (0002ms, 1105ms total)
T1A7C 005:200 JLINK_IsHalted()  returns FALSE (0002ms, 1105ms total)
T1A7C 005:204 JLINK_IsHalted()  returns FALSE (0002ms, 1105ms total)
T1A7C 005:208 JLINK_IsHalted()  returns FALSE (0002ms, 1105ms total)
T1A7C 005:212 JLINK_IsHalted()  returns FALSE (0001ms, 1104ms total)
T1A7C 005:215 JLINK_IsHalted()  returns FALSE (0001ms, 1104ms total)
T1A7C 005:218 JLINK_IsHalted()  returns FALSE (0002ms, 1105ms total)
T1A7C 005:222 JLINK_IsHalted()  returns FALSE (0001ms, 1104ms total)
T1A7C 005:226 JLINK_IsHalted()  returns FALSE (0002ms, 1105ms total)
T1A7C 005:230 JLINK_IsHalted()  returns FALSE (0002ms, 1105ms total)
T1A7C 005:234 JLINK_IsHalted()  returns FALSE (0001ms, 1104ms total)
T1A7C 005:237 JLINK_IsHalted()  returns FALSE (0002ms, 1105ms total)
T1A7C 005:241 JLINK_IsHalted()  returns FALSE (0002ms, 1105ms total)
T1A7C 005:245 JLINK_IsHalted()  returns FALSE (0002ms, 1105ms total)
T1A7C 005:249 JLINK_IsHalted()  returns FALSE (0002ms, 1105ms total)
T1A7C 005:253 JLINK_IsHalted()  returns FALSE (0001ms, 1104ms total)
T1A7C 005:256 JLINK_IsHalted()  returns FALSE (0002ms, 1105ms total)
T1A7C 005:260 JLINK_IsHalted()  returns FALSE (0002ms, 1105ms total)
T1A7C 005:264 JLINK_IsHalted()  returns FALSE (0002ms, 1105ms total)
T1A7C 005:268 JLINK_IsHalted()  returns FALSE (0002ms, 1105ms total)
T1A7C 005:272 JLINK_IsHalted()  returns FALSE (0002ms, 1105ms total)
T1A7C 005:275 JLINK_IsHalted()  returns FALSE (0002ms, 1105ms total)
T1A7C 005:279 JLINK_IsHalted()  returns FALSE (0002ms, 1105ms total)
T1A7C 005:283 JLINK_IsHalted()  returns FALSE (0001ms, 1104ms total)
T1A7C 005:286 JLINK_IsHalted()  returns FALSE (0001ms, 1104ms total)
T1A7C 005:289 JLINK_IsHalted()  returns FALSE (0001ms, 1104ms total)
T1A7C 005:292 JLINK_IsHalted()  returns FALSE (0002ms, 1105ms total)
T1A7C 005:296 JLINK_IsHalted()  returns FALSE (0001ms, 1104ms total)
T1A7C 005:299 JLINK_IsHalted()  returns FALSE (0001ms, 1104ms total)
T1A7C 005:302 JLINK_IsHalted()  returns FALSE (0001ms, 1104ms total)
T1A7C 005:305 JLINK_IsHalted()  returns FALSE (0001ms, 1104ms total)
T1A7C 005:308 JLINK_IsHalted()  returns FALSE (0002ms, 1105ms total)
T1A7C 005:312 JLINK_IsHalted()  returns FALSE (0001ms, 1104ms total)
T1A7C 005:315 JLINK_IsHalted()  returns FALSE (0001ms, 1104ms total)
T1A7C 005:317 JLINK_IsHalted()  returns FALSE (0001ms, 1104ms total)
T1A7C 005:320 JLINK_IsHalted()  returns FALSE (0001ms, 1104ms total)
T1A7C 005:323 JLINK_IsHalted()  returns FALSE (0001ms, 1104ms total)
T1A7C 005:326 JLINK_IsHalted()  returns FALSE (0001ms, 1104ms total)
T1A7C 005:329 JLINK_IsHalted()  returns FALSE (0001ms, 1104ms total)
T1A7C 005:332 JLINK_IsHalted()  returns FALSE (0001ms, 1104ms total)
T1A7C 005:335 JLINK_IsHalted()  returns FALSE (0001ms, 1104ms total)
T1A7C 005:338 JLINK_IsHalted()  returns FALSE (0001ms, 1104ms total)
T1A7C 005:341 JLINK_IsHalted()  returns FALSE (0001ms, 1104ms total)
T1A7C 005:344 JLINK_IsHalted()  returns FALSE (0001ms, 1104ms total)
T1A7C 005:347 JLINK_IsHalted()  returns FALSE (0001ms, 1104ms total)
T1A7C 005:350 JLINK_IsHalted()  returns FALSE (0001ms, 1104ms total)
T1A7C 005:353 JLINK_IsHalted()  returns FALSE (0001ms, 1104ms total)
T1A7C 005:356 JLINK_IsHalted()  returns FALSE (0002ms, 1105ms total)
T1A7C 005:359 JLINK_IsHalted()  returns FALSE (0001ms, 1104ms total)
T1A7C 005:362 JLINK_IsHalted()  returns FALSE (0001ms, 1104ms total)
T1A7C 005:365 JLINK_IsHalted()  returns FALSE (0001ms, 1104ms total)
T1A7C 005:368 JLINK_IsHalted()  returns FALSE (0001ms, 1104ms total)
T1A7C 005:371 JLINK_IsHalted()  returns FALSE (0001ms, 1104ms total)
T1A7C 005:374 JLINK_IsHalted()  returns FALSE (0001ms, 1104ms total)
T1A7C 005:377 JLINK_IsHalted()  returns FALSE (0001ms, 1104ms total)
T1A7C 005:380 JLINK_IsHalted()  returns FALSE (0001ms, 1104ms total)
T1A7C 005:383 JLINK_IsHalted()  returns FALSE (0002ms, 1105ms total)
T1A7C 005:387 JLINK_IsHalted()  returns FALSE (0002ms, 1105ms total)
T1A7C 005:391 JLINK_IsHalted()  returns FALSE (0002ms, 1105ms total)
T1A7C 005:395 JLINK_IsHalted()  returns FALSE (0002ms, 1105ms total)
T1A7C 005:399 JLINK_IsHalted()  returns FALSE (0001ms, 1104ms total)
T1A7C 005:402 JLINK_IsHalted()  returns FALSE (0002ms, 1105ms total)
T1A7C 005:406 JLINK_IsHalted()  returns FALSE (0002ms, 1105ms total)
T1A7C 005:410 JLINK_IsHalted()  returns FALSE (0001ms, 1104ms total)
T1A7C 005:413 JLINK_IsHalted()  returns FALSE (0002ms, 1105ms total)
T1A7C 005:417 JLINK_IsHalted()  returns FALSE (0002ms, 1105ms total)
T1A7C 005:421 JLINK_IsHalted()  returns FALSE (0002ms, 1105ms total)
T1A7C 005:425 JLINK_IsHalted()  returns FALSE (0002ms, 1105ms total)
T1A7C 005:429 JLINK_IsHalted()  returns FALSE (0002ms, 1105ms total)
T1A7C 005:433 JLINK_IsHalted()  returns FALSE (0002ms, 1105ms total)
T1A7C 005:437 JLINK_IsHalted()  returns FALSE (0002ms, 1105ms total)
T1A7C 005:441 JLINK_IsHalted()  returns FALSE (0001ms, 1104ms total)
T1A7C 005:444 JLINK_IsHalted()  returns FALSE (0002ms, 1105ms total)
T1A7C 005:448 JLINK_IsHalted()  returns FALSE (0002ms, 1105ms total)
T1A7C 005:452 JLINK_IsHalted()  returns FALSE (0002ms, 1105ms total)
T1A7C 005:456 JLINK_IsHalted()  returns FALSE (0002ms, 1105ms total)
T1A7C 005:460 JLINK_IsHalted()  returns FALSE (0002ms, 1105ms total)
T1A7C 005:464 JLINK_IsHalted()  returns FALSE (0002ms, 1105ms total)
T1A7C 005:468 JLINK_IsHalted()  returns FALSE (0002ms, 1105ms total)
T1A7C 005:473 JLINK_IsHalted()  returns FALSE (0002ms, 1105ms total)
T1A7C 005:477 JLINK_IsHalted()  returns FALSE (0002ms, 1105ms total)
T1A7C 005:481 JLINK_IsHalted()  returns FALSE (0002ms, 1105ms total)
T1A7C 005:484 JLINK_IsHalted()  returns FALSE (0003ms, 1106ms total)
T1A7C 005:489 JLINK_IsHalted()  returns FALSE (0002ms, 1105ms total)
T1A7C 005:493 JLINK_IsHalted()  returns FALSE (0002ms, 1105ms total)
T1A7C 005:497 JLINK_IsHalted()  returns FALSE (0002ms, 1105ms total)
T1A7C 005:501 JLINK_IsHalted()  returns FALSE (0002ms, 1105ms total)
T1A7C 005:505 JLINK_IsHalted()  returns FALSE (0002ms, 1105ms total)
T1A7C 005:509 JLINK_IsHalted()  returns FALSE (0002ms, 1105ms total)
T1A7C 005:513 JLINK_IsHalted()  returns FALSE (0002ms, 1105ms total)
T1A7C 005:517 JLINK_IsHalted()  returns FALSE (0002ms, 1105ms total)
T1A7C 005:521 JLINK_IsHalted()  returns FALSE (0002ms, 1105ms total)
T1A7C 005:525 JLINK_IsHalted()  returns FALSE (0001ms, 1104ms total)
T1A7C 005:528 JLINK_IsHalted()  returns FALSE (0002ms, 1105ms total)
T1A7C 005:532 JLINK_IsHalted()  returns FALSE (0002ms, 1105ms total)
T1A7C 005:536 JLINK_IsHalted()  returns FALSE (0002ms, 1105ms total)
T1A7C 005:540 JLINK_IsHalted()  returns FALSE (0002ms, 1105ms total)
T1A7C 005:544 JLINK_IsHalted()  returns FALSE (0001ms, 1104ms total)
T1A7C 005:548 JLINK_IsHalted()  returns FALSE (0002ms, 1105ms total)
T1A7C 005:552 JLINK_IsHalted()  returns FALSE (0002ms, 1105ms total)
T1A7C 005:556 JLINK_IsHalted()  returns FALSE (0002ms, 1105ms total)
T1A7C 005:560 JLINK_IsHalted()  returns FALSE (0002ms, 1105ms total)
T1A7C 005:564 JLINK_IsHalted()  returns FALSE (0002ms, 1105ms total)
T1A7C 005:567 JLINK_IsHalted()  returns FALSE (0002ms, 1105ms total)
T1A7C 005:571 JLINK_IsHalted()  returns FALSE (0002ms, 1105ms total)
T1A7C 005:575 JLINK_IsHalted()  returns FALSE (0002ms, 1105ms total)
T1A7C 005:579 JLINK_IsHalted()  returns FALSE (0002ms, 1105ms total)
T1A7C 005:583 JLINK_IsHalted()  returns FALSE (0002ms, 1105ms total)
T1A7C 005:587 JLINK_IsHalted()  returns FALSE (0002ms, 1105ms total)
T1A7C 005:591 JLINK_IsHalted()  returns FALSE (0002ms, 1105ms total)
T1A7C 005:595 JLINK_IsHalted()  returns FALSE (0002ms, 1105ms total)
T1A7C 005:599 JLINK_IsHalted()  returns FALSE (0002ms, 1105ms total)
T1A7C 005:603 JLINK_IsHalted()  returns FALSE (0002ms, 1105ms total)
T1A7C 005:607 JLINK_IsHalted()  returns FALSE (0002ms, 1105ms total)
T1A7C 005:610 JLINK_IsHalted()  returns FALSE (0002ms, 1105ms total)
T1A7C 005:614 JLINK_IsHalted()  returns FALSE (0002ms, 1105ms total)
T1A7C 005:618 JLINK_IsHalted()  returns FALSE (0002ms, 1105ms total)
T1A7C 005:622 JLINK_IsHalted()  returns FALSE (0002ms, 1105ms total)
T1A7C 005:626 JLINK_IsHalted()  returns FALSE (0002ms, 1105ms total)
T1A7C 005:630 JLINK_IsHalted()  returns FALSE (0002ms, 1105ms total)
T1A7C 005:634 JLINK_IsHalted()  returns FALSE (0002ms, 1105ms total)
T1A7C 005:638 JLINK_IsHalted()  returns FALSE (0002ms, 1105ms total)
T1A7C 005:642 JLINK_IsHalted()  returns FALSE (0002ms, 1105ms total)
T1A7C 005:646 JLINK_IsHalted()  returns FALSE (0002ms, 1105ms total)
T1A7C 005:650 JLINK_IsHalted()  returns FALSE (0001ms, 1104ms total)
T1A7C 005:653 JLINK_IsHalted()  returns FALSE (0002ms, 1105ms total)
T1A7C 005:657 JLINK_IsHalted()  returns FALSE (0002ms, 1105ms total)
T1A7C 005:661 JLINK_IsHalted()  returns FALSE (0002ms, 1105ms total)
T1A7C 005:665 JLINK_IsHalted()  returns FALSE (0002ms, 1105ms total)
T1A7C 005:669 JLINK_IsHalted()  returns FALSE (0002ms, 1105ms total)
T1A7C 005:673 JLINK_IsHalted()  returns FALSE (0002ms, 1105ms total)
T1A7C 005:677 JLINK_IsHalted()  returns FALSE (0002ms, 1105ms total)
T1A7C 005:681 JLINK_IsHalted()  returns FALSE (0001ms, 1104ms total)
T1A7C 005:685 JLINK_IsHalted()  returns FALSE (0002ms, 1105ms total)
T1A7C 005:689 JLINK_IsHalted()  returns FALSE (0002ms, 1105ms total)
T1A7C 005:692 JLINK_IsHalted()  returns FALSE (0002ms, 1105ms total)
T1A7C 005:696 JLINK_IsHalted()  returns FALSE (0002ms, 1105ms total)
T1A7C 005:700 JLINK_IsHalted()  returns FALSE (0002ms, 1105ms total)
T1A7C 005:704 JLINK_IsHalted()  returns FALSE (0002ms, 1105ms total)
T1A7C 005:708 JLINK_IsHalted()  returns FALSE (0002ms, 1105ms total)
T1A7C 005:712 JLINK_IsHalted()  returns FALSE (0002ms, 1105ms total)
T1A7C 005:716 JLINK_IsHalted()  returns FALSE (0002ms, 1105ms total)
T1A7C 005:720 JLINK_IsHalted()  returns FALSE (0002ms, 1105ms total)
T1A7C 005:724 JLINK_IsHalted()  returns FALSE (0002ms, 1105ms total)
T1A7C 005:728 JLINK_IsHalted()  returns FALSE (0002ms, 1105ms total)
T1A7C 005:732 JLINK_IsHalted()  returns FALSE (0002ms, 1105ms total)
T1A7C 005:735 JLINK_IsHalted()  returns FALSE (0002ms, 1105ms total)
T1A7C 005:739 JLINK_IsHalted()  returns FALSE (0002ms, 1105ms total)
T1A7C 005:743 JLINK_IsHalted()  returns FALSE (0002ms, 1105ms total)
T1A7C 005:747 JLINK_IsHalted()  returns FALSE (0002ms, 1105ms total)
T1A7C 005:751 JLINK_IsHalted()  returns FALSE (0002ms, 1105ms total)
T1A7C 005:755 JLINK_IsHalted()  returns FALSE (0002ms, 1105ms total)
T1A7C 005:759 JLINK_IsHalted()  returns FALSE (0002ms, 1105ms total)
T1A7C 005:763 JLINK_IsHalted()  returns FALSE (0002ms, 1105ms total)
T1A7C 005:767 JLINK_IsHalted()  returns FALSE (0002ms, 1105ms total)
T1A7C 005:771 JLINK_IsHalted()  returns FALSE (0002ms, 1105ms total)
T1A7C 005:775 JLINK_IsHalted()  returns FALSE (0001ms, 1104ms total)
T1A7C 005:778 JLINK_IsHalted()  returns FALSE (0002ms, 1105ms total)
T1A7C 005:782 JLINK_IsHalted()  returns FALSE (0002ms, 1105ms total)
T1A7C 005:786 JLINK_IsHalted()  returns FALSE (0002ms, 1105ms total)
T1A7C 005:790 JLINK_IsHalted()  returns FALSE (0002ms, 1105ms total)
T1A7C 005:794 JLINK_IsHalted()  returns FALSE (0001ms, 1104ms total)
T1A7C 005:798 JLINK_IsHalted()  returns FALSE (0002ms, 1105ms total)
T1A7C 005:802 JLINK_IsHalted()  returns FALSE (0002ms, 1105ms total)
T1A7C 005:806 JLINK_IsHalted()  returns FALSE (0002ms, 1105ms total)
T1A7C 005:810 JLINK_IsHalted()  returns FALSE (0002ms, 1105ms total)
T1A7C 005:814 JLINK_IsHalted()  returns FALSE (0002ms, 1105ms total)
T1A7C 005:817 JLINK_IsHalted()  returns FALSE (0002ms, 1105ms total)
T1A7C 005:821 JLINK_IsHalted()  returns FALSE (0001ms, 1104ms total)
T1A7C 005:825 JLINK_IsHalted()  returns FALSE (0002ms, 1105ms total)
T1A7C 005:829 JLINK_IsHalted()  returns FALSE (0002ms, 1105ms total)
T1A7C 005:833 JLINK_IsHalted()  returns FALSE (0002ms, 1105ms total)
T1A7C 005:837 JLINK_IsHalted()  returns FALSE (0002ms, 1105ms total)
T1A7C 005:841 JLINK_IsHalted()  returns FALSE (0004ms, 1107ms total)
T1A7C 005:847 JLINK_IsHalted()  returns FALSE (0002ms, 1105ms total)
T1A7C 005:851 JLINK_IsHalted()  returns FALSE (0002ms, 1105ms total)
T1A7C 005:855 JLINK_IsHalted()  returns FALSE (0002ms, 1105ms total)
T1A7C 005:859 JLINK_IsHalted()  returns FALSE (0001ms, 1104ms total)
T1A7C 005:862 JLINK_IsHalted()  returns FALSE (0002ms, 1105ms total)
T1A7C 005:866 JLINK_IsHalted()  returns FALSE (0002ms, 1105ms total)
T1A7C 005:870 JLINK_IsHalted()  returns FALSE (0002ms, 1105ms total)
T1A7C 005:874 JLINK_IsHalted()  returns FALSE (0002ms, 1105ms total)
T1A7C 005:878 JLINK_IsHalted()  returns FALSE (0002ms, 1105ms total)
T1A7C 005:882 JLINK_IsHalted()  returns FALSE (0002ms, 1105ms total)
T1A7C 005:886 JLINK_IsHalted()  returns FALSE (0001ms, 1104ms total)
T1A7C 005:890 JLINK_IsHalted()  returns FALSE (0002ms, 1105ms total)
T1A7C 005:894 JLINK_IsHalted()  returns FALSE (0002ms, 1105ms total)
T1A7C 005:898 JLINK_IsHalted()  returns FALSE (0002ms, 1105ms total)
T1A7C 005:901 JLINK_IsHalted()  returns FALSE (0002ms, 1105ms total)
T1A7C 005:905 JLINK_IsHalted()  returns FALSE (0002ms, 1105ms total)
T1A7C 005:909 JLINK_IsHalted()  returns FALSE (0002ms, 1105ms total)
T1A7C 005:913 JLINK_IsHalted()  returns FALSE (0002ms, 1105ms total)
T1A7C 005:917 JLINK_IsHalted()  returns FALSE (0002ms, 1105ms total)
T1A7C 005:921 JLINK_IsHalted()  returns FALSE (0002ms, 1105ms total)
T1A7C 005:925 JLINK_IsHalted()  returns FALSE (0002ms, 1105ms total)
T1A7C 005:929 JLINK_IsHalted()  returns FALSE (0002ms, 1105ms total)
T1A7C 005:933 JLINK_IsHalted()  returns FALSE (0002ms, 1105ms total)
T1A7C 005:937 JLINK_IsHalted()  returns FALSE (0002ms, 1105ms total)
T1A7C 005:941 JLINK_IsHalted()  returns FALSE (0001ms, 1104ms total)
T1A7C 005:944 JLINK_IsHalted()  returns FALSE (0002ms, 1105ms total)
T1A7C 005:948 JLINK_IsHalted()  returns FALSE (0002ms, 1105ms total)
T1A7C 005:952 JLINK_IsHalted()  returns FALSE (0002ms, 1105ms total)
T1A7C 005:956 JLINK_IsHalted()  returns FALSE (0003ms, 1106ms total)
T1A7C 005:961 JLINK_IsHalted()  returns FALSE (0002ms, 1105ms total)
T1A7C 005:965 JLINK_IsHalted()  returns FALSE (0002ms, 1105ms total)
T1A7C 005:969 JLINK_IsHalted()  returns FALSE (0002ms, 1105ms total)
T1A7C 005:973 JLINK_IsHalted()  returns FALSE (0002ms, 1105ms total)
T1A7C 005:977 JLINK_IsHalted()  returns FALSE (0002ms, 1105ms total)
T1A7C 005:981 JLINK_IsHalted()  returns FALSE (0002ms, 1105ms total)
T1A7C 005:984 JLINK_IsHalted()  returns FALSE (0003ms, 1106ms total)
T1A7C 005:990 JLINK_IsHalted()  returns FALSE (0002ms, 1105ms total)
T1A7C 005:994 JLINK_IsHalted()  returns FALSE (0002ms, 1105ms total)
T1A7C 005:998 JLINK_IsHalted()  returns FALSE (0002ms, 1105ms total)
T1A7C 006:002 JLINK_IsHalted()  returns FALSE (0002ms, 1105ms total)
T1A7C 006:006 JLINK_IsHalted()  returns FALSE (0002ms, 1105ms total)
T1A7C 006:010 JLINK_IsHalted()  returns FALSE (0002ms, 1105ms total)
T1A7C 006:014 JLINK_IsHalted()  returns FALSE (0002ms, 1105ms total)
T1A7C 006:018 JLINK_IsHalted()  returns FALSE (0002ms, 1105ms total)
T1A7C 006:022 JLINK_IsHalted()  returns FALSE (0002ms, 1105ms total)
T1A7C 006:025 JLINK_IsHalted()  returns FALSE (0002ms, 1105ms total)
T1A7C 006:029 JLINK_IsHalted()  returns FALSE (0002ms, 1105ms total)
T1A7C 006:033 JLINK_IsHalted()  returns FALSE (0002ms, 1105ms total)
T1A7C 006:037 JLINK_IsHalted()  returns FALSE (0002ms, 1107ms total)
T1A7C 006:041 JLINK_IsHalted()  returns FALSE (0002ms, 1107ms total)
T1A7C 006:045 JLINK_IsHalted()  returns FALSE (0002ms, 1107ms total)
T1A7C 006:049 JLINK_IsHalted()  returns FALSE (0002ms, 1107ms total)
T1A7C 006:053 JLINK_IsHalted()  returns FALSE (0002ms, 1107ms total)
T1A7C 006:057 JLINK_IsHalted()  returns FALSE (0002ms, 1107ms total)
T1A7C 006:061 JLINK_IsHalted()  returns FALSE (0002ms, 1107ms total)
T1A7C 006:263 JLINK_IsHalted()  returns FALSE (0002ms, 1107ms total)
T1A7C 006:465 JLINK_IsHalted()  returns FALSE (0002ms, 1107ms total)
T1A7C 006:667 JLINK_IsHalted()  returns FALSE (0002ms, 1107ms total)
T1A7C 006:869 JLINK_IsHalted()  returns FALSE (0002ms, 1107ms total)
T1A7C 007:071 JLINK_IsHalted()  returns FALSE (0003ms, 1108ms total)
T1A7C 007:275 JLINK_IsHalted()  returns FALSE (0001ms, 1106ms total)
T1A7C 007:477 JLINK_IsHalted()  returns FALSE (0002ms, 1107ms total)
T1A7C 007:679 JLINK_IsHalted()  returns FALSE (0002ms, 1107ms total)
T1A7C 007:881 JLINK_IsHalted()  returns FALSE (0002ms, 1107ms total)
T1A7C 008:083 JLINK_IsHalted()  returns FALSE (0004ms, 1109ms total)
T1A7C 008:287 JLINK_IsHalted()  returns FALSE (0002ms, 1107ms total)
T1A7C 008:489 JLINK_IsHalted()  returns FALSE (0002ms, 1107ms total)
T1A7C 008:692 JLINK_IsHalted()  returns FALSE (0001ms, 1106ms total)
T1A7C 008:894 JLINK_IsHalted()  returns FALSE (0002ms, 1107ms total)
T1A7C 008:896 JLINK_Halt()  returns 0x00 (0009ms, 1114ms total)
T1A7C 008:905 JLINK_IsHalted()  returns TRUE (0000ms, 1114ms total)
T1A7C 008:905 JLINK_ReadMemU32(0xE000EDFC, 0x0001 Items, ...) -- Data:  00 00 00 01  returns 0x01 (0000ms, 1114ms total)
T1A7C 008:905 JLINK_WriteMem(0xE000EDFC, 0x0004 Bytes, ...) -- Data:  00 00 00 01  returns 0x04 (0000ms, 1114ms total)
T1A7C 008:905 JLINK_WriteVectorCatch(0x00000000)  returns 0x00 (0000ms, 1114ms total)
T1A7C 008:905 JLINK_WriteMem(0xE0001028, 0x0004 Bytes, ...) -- Data:  00 00 00 00  returns 0x04 (0000ms, 1114ms total)
T1A7C 008:905 JLINK_WriteMem(0xE0001038, 0x0004 Bytes, ...) -- Data:  00 00 00 00  returns 0x04 (0000ms, 1114ms total)
T1A7C 008:905 JLINK_ReadRegs(NumRegs = 1, Indexes: 15) -- R15=0x10AA  returns 0x00 (0000ms, 1114ms total)
T1A7C 008:905 JLINK_ReadMemU16(0x000010AA, 0x0001 Items, ...) -- CPU_ReadMem(2 bytes @ 0x000010AA) -- Data:  20 79  returns 0x01 (0003ms, 1117ms total)

Closed
